ARM GAS  C:\Users\49148\AppData\Local\Temp\ccJjr7SL.s 			page 1


   1              		.syntax unified
   2              		.cpu cortex-m4
   3              		.eabi_attribute 27, 1
   4              		.fpu fpv4-sp-d16
   5              		.eabi_attribute 20, 1
   6              		.eabi_attribute 21, 1
   7              		.eabi_attribute 23, 3
   8              		.eabi_attribute 24, 1
   9              		.eabi_attribute 25, 1
  10              		.eabi_attribute 26, 1
  11              		.eabi_attribute 30, 6
  12              		.eabi_attribute 34, 1
  13              		.eabi_attribute 18, 4
  14              		.thumb
  15              		.syntax unified
  16              		.file	"BLE_bas_config.c"
  17              		.text
  18              	.Ltext0:
  19              		.cfi_sections	.debug_frame
  20              		.section	.rodata
  21              		.align	2
  22              		.type	cy_ble_bass, %object
  23              		.size	cy_ble_bass, 8
  24              	cy_ble_bass:
  25 0000 2B00     		.short	43
  26 0002 2D00     		.short	45
  27 0004 2E00     		.short	46
  28 0006 2F00     		.short	47
  29              		.global	cy_ble_basConfig
  30              		.data
  31              		.align	2
  32              		.type	cy_ble_basConfig, %object
  33              		.size	cy_ble_basConfig, 8
  34              	cy_ble_basConfig:
  35 0000 00000000 		.word	cy_ble_bass
  36 0004 00000000 		.word	0
  37              		.text
  38              	.Letext0:
  39              		.file 1 "d:\\psoc_jingyi\\psoc creator\\4.4\\psoc creator\\import\\gnu\\arm\\5.4.1\\arm-none-eabi\
  40              		.file 2 "d:\\psoc_jingyi\\psoc creator\\4.4\\psoc creator\\import\\gnu\\arm\\5.4.1\\arm-none-eabi\
  41              		.file 3 "Generated_Source\\PSoC6\\pdl\\drivers/peripheral/device/cy_device.h"
  42              		.file 4 "Generated_Source\\PSoC6\\pdl\\middleware/ble/cy_ble_stack_host_main.h"
  43              		.file 5 "Generated_Source\\PSoC6\\pdl\\middleware/ble/cy_ble_stack_gatt.h"
  44              		.file 6 "Generated_Source\\PSoC6\\pdl\\middleware/ble/cy_ble_gap.h"
  45              		.file 7 "Generated_Source\\PSoC6\\pdl\\middleware/ble/cy_ble.h"
  46              		.file 8 "Generated_Source\\PSoC6\\pdl\\middleware/ble/cy_ble_bas.h"
  47              		.file 9 "Generated_Source\\PSoC6\\pdl\\cmsis/include/core_cm4.h"
  48              		.file 10 "Generated_Source\\PSoC6\\BLE_bas_config.c"
  49              		.section	.debug_info,"",%progbits
  50              	.Ldebug_info0:
  51 0000 14070000 		.4byte	0x714
  52 0004 0400     		.2byte	0x4
  53 0006 00000000 		.4byte	.Ldebug_abbrev0
  54 000a 04       		.byte	0x4
  55 000b 01       		.uleb128 0x1
  56 000c 4E000000 		.4byte	.LASF146
  57 0010 0C       		.byte	0xc
ARM GAS  C:\Users\49148\AppData\Local\Temp\ccJjr7SL.s 			page 2


  58 0011 A8060000 		.4byte	.LASF147
  59 0015 00000000 		.4byte	.LASF148
  60 0019 00000000 		.4byte	.Ldebug_line0
  61 001d 02       		.uleb128 0x2
  62 001e 04       		.byte	0x4
  63 001f 05       		.byte	0x5
  64 0020 696E7400 		.ascii	"int\000"
  65 0024 03       		.uleb128 0x3
  66 0025 04       		.byte	0x4
  67 0026 07       		.byte	0x7
  68 0027 8A040000 		.4byte	.LASF0
  69 002b 03       		.uleb128 0x3
  70 002c 08       		.byte	0x8
  71 002d 05       		.byte	0x5
  72 002e 53020000 		.4byte	.LASF1
  73 0032 03       		.uleb128 0x3
  74 0033 08       		.byte	0x8
  75 0034 04       		.byte	0x4
  76 0035 4F080000 		.4byte	.LASF2
  77 0039 03       		.uleb128 0x3
  78 003a 01       		.byte	0x1
  79 003b 06       		.byte	0x6
  80 003c 61020000 		.4byte	.LASF3
  81 0040 04       		.uleb128 0x4
  82 0041 6D010000 		.4byte	.LASF5
  83 0045 01       		.byte	0x1
  84 0046 1D       		.byte	0x1d
  85 0047 4B000000 		.4byte	0x4b
  86 004b 03       		.uleb128 0x3
  87 004c 01       		.byte	0x1
  88 004d 08       		.byte	0x8
  89 004e DC070000 		.4byte	.LASF4
  90 0052 04       		.uleb128 0x4
  91 0053 21040000 		.4byte	.LASF6
  92 0057 01       		.byte	0x1
  93 0058 29       		.byte	0x29
  94 0059 5D000000 		.4byte	0x5d
  95 005d 03       		.uleb128 0x3
  96 005e 02       		.byte	0x2
  97 005f 05       		.byte	0x5
  98 0060 FE070000 		.4byte	.LASF7
  99 0064 04       		.uleb128 0x4
 100 0065 7A080000 		.4byte	.LASF8
 101 0069 01       		.byte	0x1
 102 006a 2B       		.byte	0x2b
 103 006b 6F000000 		.4byte	0x6f
 104 006f 03       		.uleb128 0x3
 105 0070 02       		.byte	0x2
 106 0071 07       		.byte	0x7
 107 0072 EC080000 		.4byte	.LASF9
 108 0076 04       		.uleb128 0x4
 109 0077 B1080000 		.4byte	.LASF10
 110 007b 01       		.byte	0x1
 111 007c 3F       		.byte	0x3f
 112 007d 81000000 		.4byte	0x81
 113 0081 03       		.uleb128 0x3
 114 0082 04       		.byte	0x4
ARM GAS  C:\Users\49148\AppData\Local\Temp\ccJjr7SL.s 			page 3


 115 0083 05       		.byte	0x5
 116 0084 D5020000 		.4byte	.LASF11
 117 0088 04       		.uleb128 0x4
 118 0089 06040000 		.4byte	.LASF12
 119 008d 01       		.byte	0x1
 120 008e 41       		.byte	0x41
 121 008f 93000000 		.4byte	0x93
 122 0093 03       		.uleb128 0x3
 123 0094 04       		.byte	0x4
 124 0095 07       		.byte	0x7
 125 0096 04050000 		.4byte	.LASF13
 126 009a 03       		.uleb128 0x3
 127 009b 08       		.byte	0x8
 128 009c 07       		.byte	0x7
 129 009d BE010000 		.4byte	.LASF14
 130 00a1 03       		.uleb128 0x3
 131 00a2 04       		.byte	0x4
 132 00a3 07       		.byte	0x7
 133 00a4 34060000 		.4byte	.LASF15
 134 00a8 05       		.uleb128 0x5
 135 00a9 04       		.byte	0x4
 136 00aa 03       		.uleb128 0x3
 137 00ab 01       		.byte	0x1
 138 00ac 08       		.byte	0x8
 139 00ad 5B080000 		.4byte	.LASF16
 140 00b1 04       		.uleb128 0x4
 141 00b2 D1090000 		.4byte	.LASF17
 142 00b6 02       		.byte	0x2
 143 00b7 18       		.byte	0x18
 144 00b8 40000000 		.4byte	0x40
 145 00bc 04       		.uleb128 0x4
 146 00bd 40020000 		.4byte	.LASF18
 147 00c1 02       		.byte	0x2
 148 00c2 20       		.byte	0x20
 149 00c3 52000000 		.4byte	0x52
 150 00c7 04       		.uleb128 0x4
 151 00c8 DE040000 		.4byte	.LASF19
 152 00cc 02       		.byte	0x2
 153 00cd 24       		.byte	0x24
 154 00ce 64000000 		.4byte	0x64
 155 00d2 04       		.uleb128 0x4
 156 00d3 D4070000 		.4byte	.LASF20
 157 00d7 02       		.byte	0x2
 158 00d8 2C       		.byte	0x2c
 159 00d9 76000000 		.4byte	0x76
 160 00dd 04       		.uleb128 0x4
 161 00de 3A080000 		.4byte	.LASF21
 162 00e2 02       		.byte	0x2
 163 00e3 30       		.byte	0x30
 164 00e4 88000000 		.4byte	0x88
 165 00e8 06       		.uleb128 0x6
 166 00e9 B8       		.byte	0xb8
 167 00ea 03       		.byte	0x3
 168 00eb 34       		.byte	0x34
 169 00ec F9040000 		.4byte	0x4f9
 170 00f0 07       		.uleb128 0x7
 171 00f1 A5010000 		.4byte	.LASF22
ARM GAS  C:\Users\49148\AppData\Local\Temp\ccJjr7SL.s 			page 4


 172 00f5 03       		.byte	0x3
 173 00f6 37       		.byte	0x37
 174 00f7 DD000000 		.4byte	0xdd
 175 00fb 00       		.byte	0
 176 00fc 07       		.uleb128 0x7
 177 00fd FB030000 		.4byte	.LASF23
 178 0101 03       		.byte	0x3
 179 0102 38       		.byte	0x38
 180 0103 DD000000 		.4byte	0xdd
 181 0107 04       		.byte	0x4
 182 0108 07       		.uleb128 0x7
 183 0109 3C030000 		.4byte	.LASF24
 184 010d 03       		.byte	0x3
 185 010e 39       		.byte	0x39
 186 010f DD000000 		.4byte	0xdd
 187 0113 08       		.byte	0x8
 188 0114 07       		.uleb128 0x7
 189 0115 8F070000 		.4byte	.LASF25
 190 0119 03       		.byte	0x3
 191 011a 3A       		.byte	0x3a
 192 011b DD000000 		.4byte	0xdd
 193 011f 0C       		.byte	0xc
 194 0120 07       		.uleb128 0x7
 195 0121 82020000 		.4byte	.LASF26
 196 0125 03       		.byte	0x3
 197 0126 3B       		.byte	0x3b
 198 0127 DD000000 		.4byte	0xdd
 199 012b 10       		.byte	0x10
 200 012c 07       		.uleb128 0x7
 201 012d CB020000 		.4byte	.LASF27
 202 0131 03       		.byte	0x3
 203 0132 3C       		.byte	0x3c
 204 0133 DD000000 		.4byte	0xdd
 205 0137 14       		.byte	0x14
 206 0138 07       		.uleb128 0x7
 207 0139 21050000 		.4byte	.LASF28
 208 013d 03       		.byte	0x3
 209 013e 3D       		.byte	0x3d
 210 013f DD000000 		.4byte	0xdd
 211 0143 18       		.byte	0x18
 212 0144 07       		.uleb128 0x7
 213 0145 56010000 		.4byte	.LASF29
 214 0149 03       		.byte	0x3
 215 014a 3E       		.byte	0x3e
 216 014b DD000000 		.4byte	0xdd
 217 014f 1C       		.byte	0x1c
 218 0150 07       		.uleb128 0x7
 219 0151 3B0A0000 		.4byte	.LASF30
 220 0155 03       		.byte	0x3
 221 0156 3F       		.byte	0x3f
 222 0157 DD000000 		.4byte	0xdd
 223 015b 20       		.byte	0x20
 224 015c 07       		.uleb128 0x7
 225 015d 00070000 		.4byte	.LASF31
 226 0161 03       		.byte	0x3
 227 0162 40       		.byte	0x40
 228 0163 DD000000 		.4byte	0xdd
ARM GAS  C:\Users\49148\AppData\Local\Temp\ccJjr7SL.s 			page 5


 229 0167 24       		.byte	0x24
 230 0168 07       		.uleb128 0x7
 231 0169 E9050000 		.4byte	.LASF32
 232 016d 03       		.byte	0x3
 233 016e 43       		.byte	0x43
 234 016f B1000000 		.4byte	0xb1
 235 0173 28       		.byte	0x28
 236 0174 07       		.uleb128 0x7
 237 0175 3C010000 		.4byte	.LASF33
 238 0179 03       		.byte	0x3
 239 017a 44       		.byte	0x44
 240 017b B1000000 		.4byte	0xb1
 241 017f 29       		.byte	0x29
 242 0180 07       		.uleb128 0x7
 243 0181 310A0000 		.4byte	.LASF34
 244 0185 03       		.byte	0x3
 245 0186 45       		.byte	0x45
 246 0187 B1000000 		.4byte	0xb1
 247 018b 2A       		.byte	0x2a
 248 018c 07       		.uleb128 0x7
 249 018d F2060000 		.4byte	.LASF35
 250 0191 03       		.byte	0x3
 251 0192 46       		.byte	0x46
 252 0193 B1000000 		.4byte	0xb1
 253 0197 2B       		.byte	0x2b
 254 0198 07       		.uleb128 0x7
 255 0199 79050000 		.4byte	.LASF36
 256 019d 03       		.byte	0x3
 257 019e 47       		.byte	0x47
 258 019f B1000000 		.4byte	0xb1
 259 01a3 2C       		.byte	0x2c
 260 01a4 07       		.uleb128 0x7
 261 01a5 CB080000 		.4byte	.LASF37
 262 01a9 03       		.byte	0x3
 263 01aa 48       		.byte	0x48
 264 01ab B1000000 		.4byte	0xb1
 265 01af 2D       		.byte	0x2d
 266 01b0 07       		.uleb128 0x7
 267 01b1 8B020000 		.4byte	.LASF38
 268 01b5 03       		.byte	0x3
 269 01b6 49       		.byte	0x49
 270 01b7 B1000000 		.4byte	0xb1
 271 01bb 2E       		.byte	0x2e
 272 01bc 07       		.uleb128 0x7
 273 01bd 13060000 		.4byte	.LASF39
 274 01c1 03       		.byte	0x3
 275 01c2 4A       		.byte	0x4a
 276 01c3 B1000000 		.4byte	0xb1
 277 01c7 2F       		.byte	0x2f
 278 01c8 07       		.uleb128 0x7
 279 01c9 60080000 		.4byte	.LASF40
 280 01cd 03       		.byte	0x3
 281 01ce 4B       		.byte	0x4b
 282 01cf B1000000 		.4byte	0xb1
 283 01d3 30       		.byte	0x30
 284 01d4 07       		.uleb128 0x7
 285 01d5 16050000 		.4byte	.LASF41
ARM GAS  C:\Users\49148\AppData\Local\Temp\ccJjr7SL.s 			page 6


 286 01d9 03       		.byte	0x3
 287 01da 4E       		.byte	0x4e
 288 01db B1000000 		.4byte	0xb1
 289 01df 31       		.byte	0x31
 290 01e0 07       		.uleb128 0x7
 291 01e1 5F010000 		.4byte	.LASF42
 292 01e5 03       		.byte	0x3
 293 01e6 4F       		.byte	0x4f
 294 01e7 B1000000 		.4byte	0xb1
 295 01eb 32       		.byte	0x32
 296 01ec 07       		.uleb128 0x7
 297 01ed 7E040000 		.4byte	.LASF43
 298 01f1 03       		.byte	0x3
 299 01f2 50       		.byte	0x50
 300 01f3 B1000000 		.4byte	0xb1
 301 01f7 33       		.byte	0x33
 302 01f8 07       		.uleb128 0x7
 303 01f9 42060000 		.4byte	.LASF44
 304 01fd 03       		.byte	0x3
 305 01fe 51       		.byte	0x51
 306 01ff B1000000 		.4byte	0xb1
 307 0203 34       		.byte	0x34
 308 0204 07       		.uleb128 0x7
 309 0205 16090000 		.4byte	.LASF45
 310 0209 03       		.byte	0x3
 311 020a 52       		.byte	0x52
 312 020b BC000000 		.4byte	0xbc
 313 020f 36       		.byte	0x36
 314 0210 07       		.uleb128 0x7
 315 0211 56030000 		.4byte	.LASF46
 316 0215 03       		.byte	0x3
 317 0216 53       		.byte	0x53
 318 0217 BC000000 		.4byte	0xbc
 319 021b 38       		.byte	0x38
 320 021c 07       		.uleb128 0x7
 321 021d 86090000 		.4byte	.LASF47
 322 0221 03       		.byte	0x3
 323 0222 54       		.byte	0x54
 324 0223 BC000000 		.4byte	0xbc
 325 0227 3A       		.byte	0x3a
 326 0228 07       		.uleb128 0x7
 327 0229 220A0000 		.4byte	.LASF48
 328 022d 03       		.byte	0x3
 329 022e 55       		.byte	0x55
 330 022f B1000000 		.4byte	0xb1
 331 0233 3C       		.byte	0x3c
 332 0234 07       		.uleb128 0x7
 333 0235 88030000 		.4byte	.LASF49
 334 0239 03       		.byte	0x3
 335 023a 56       		.byte	0x56
 336 023b B1000000 		.4byte	0xb1
 337 023f 3D       		.byte	0x3d
 338 0240 07       		.uleb128 0x7
 339 0241 1C080000 		.4byte	.LASF50
 340 0245 03       		.byte	0x3
 341 0246 57       		.byte	0x57
 342 0247 B1000000 		.4byte	0xb1
ARM GAS  C:\Users\49148\AppData\Local\Temp\ccJjr7SL.s 			page 7


 343 024b 3E       		.byte	0x3e
 344 024c 07       		.uleb128 0x7
 345 024d 4A010000 		.4byte	.LASF51
 346 0251 03       		.byte	0x3
 347 0252 58       		.byte	0x58
 348 0253 B1000000 		.4byte	0xb1
 349 0257 3F       		.byte	0x3f
 350 0258 07       		.uleb128 0x7
 351 0259 0B070000 		.4byte	.LASF52
 352 025d 03       		.byte	0x3
 353 025e 59       		.byte	0x59
 354 025f B1000000 		.4byte	0xb1
 355 0263 40       		.byte	0x40
 356 0264 07       		.uleb128 0x7
 357 0265 11040000 		.4byte	.LASF53
 358 0269 03       		.byte	0x3
 359 026a 5A       		.byte	0x5a
 360 026b B1000000 		.4byte	0xb1
 361 026f 41       		.byte	0x41
 362 0270 07       		.uleb128 0x7
 363 0271 95050000 		.4byte	.LASF54
 364 0275 03       		.byte	0x3
 365 0276 5B       		.byte	0x5b
 366 0277 B1000000 		.4byte	0xb1
 367 027b 42       		.byte	0x42
 368 027c 07       		.uleb128 0x7
 369 027d D0060000 		.4byte	.LASF55
 370 0281 03       		.byte	0x3
 371 0282 5C       		.byte	0x5c
 372 0283 B1000000 		.4byte	0xb1
 373 0287 43       		.byte	0x43
 374 0288 07       		.uleb128 0x7
 375 0289 45030000 		.4byte	.LASF56
 376 028d 03       		.byte	0x3
 377 028e 5D       		.byte	0x5d
 378 028f B1000000 		.4byte	0xb1
 379 0293 44       		.byte	0x44
 380 0294 07       		.uleb128 0x7
 381 0295 3C000000 		.4byte	.LASF57
 382 0299 03       		.byte	0x3
 383 029a 5E       		.byte	0x5e
 384 029b DD000000 		.4byte	0xdd
 385 029f 48       		.byte	0x48
 386 02a0 07       		.uleb128 0x7
 387 02a1 18030000 		.4byte	.LASF58
 388 02a5 03       		.byte	0x3
 389 02a6 5F       		.byte	0x5f
 390 02a7 DD000000 		.4byte	0xdd
 391 02ab 4C       		.byte	0x4c
 392 02ac 07       		.uleb128 0x7
 393 02ad 9C0A0000 		.4byte	.LASF59
 394 02b1 03       		.byte	0x3
 395 02b2 60       		.byte	0x60
 396 02b3 B1000000 		.4byte	0xb1
 397 02b7 50       		.byte	0x50
 398 02b8 07       		.uleb128 0x7
 399 02b9 1A020000 		.4byte	.LASF60
ARM GAS  C:\Users\49148\AppData\Local\Temp\ccJjr7SL.s 			page 8


 400 02bd 03       		.byte	0x3
 401 02be 61       		.byte	0x61
 402 02bf B1000000 		.4byte	0xb1
 403 02c3 51       		.byte	0x51
 404 02c4 07       		.uleb128 0x7
 405 02c5 18070000 		.4byte	.LASF61
 406 02c9 03       		.byte	0x3
 407 02ca 62       		.byte	0x62
 408 02cb B1000000 		.4byte	0xb1
 409 02cf 52       		.byte	0x52
 410 02d0 07       		.uleb128 0x7
 411 02d1 590A0000 		.4byte	.LASF62
 412 02d5 03       		.byte	0x3
 413 02d6 63       		.byte	0x63
 414 02d7 B1000000 		.4byte	0xb1
 415 02db 53       		.byte	0x53
 416 02dc 07       		.uleb128 0x7
 417 02dd 2A080000 		.4byte	.LASF63
 418 02e1 03       		.byte	0x3
 419 02e2 64       		.byte	0x64
 420 02e3 B1000000 		.4byte	0xb1
 421 02e7 54       		.byte	0x54
 422 02e8 07       		.uleb128 0x7
 423 02e9 2C020000 		.4byte	.LASF64
 424 02ed 03       		.byte	0x3
 425 02ee 65       		.byte	0x65
 426 02ef B1000000 		.4byte	0xb1
 427 02f3 55       		.byte	0x55
 428 02f4 07       		.uleb128 0x7
 429 02f5 D8080000 		.4byte	.LASF65
 430 02f9 03       		.byte	0x3
 431 02fa 66       		.byte	0x66
 432 02fb B1000000 		.4byte	0xb1
 433 02ff 56       		.byte	0x56
 434 0300 07       		.uleb128 0x7
 435 0301 2A050000 		.4byte	.LASF66
 436 0305 03       		.byte	0x3
 437 0306 67       		.byte	0x67
 438 0307 B1000000 		.4byte	0xb1
 439 030b 57       		.byte	0x57
 440 030c 07       		.uleb128 0x7
 441 030d 01010000 		.4byte	.LASF67
 442 0311 03       		.byte	0x3
 443 0312 68       		.byte	0x68
 444 0313 B1000000 		.4byte	0xb1
 445 0317 58       		.byte	0x58
 446 0318 07       		.uleb128 0x7
 447 0319 EA070000 		.4byte	.LASF68
 448 031d 03       		.byte	0x3
 449 031e 69       		.byte	0x69
 450 031f B1000000 		.4byte	0xb1
 451 0323 59       		.byte	0x59
 452 0324 07       		.uleb128 0x7
 453 0325 61030000 		.4byte	.LASF69
 454 0329 03       		.byte	0x3
 455 032a 6E       		.byte	0x6e
 456 032b C7000000 		.4byte	0xc7
ARM GAS  C:\Users\49148\AppData\Local\Temp\ccJjr7SL.s 			page 9


 457 032f 5A       		.byte	0x5a
 458 0330 07       		.uleb128 0x7
 459 0331 FF080000 		.4byte	.LASF70
 460 0335 03       		.byte	0x3
 461 0336 6F       		.byte	0x6f
 462 0337 C7000000 		.4byte	0xc7
 463 033b 5C       		.byte	0x5c
 464 033c 07       		.uleb128 0x7
 465 033d AF010000 		.4byte	.LASF71
 466 0341 03       		.byte	0x3
 467 0342 70       		.byte	0x70
 468 0343 B1000000 		.4byte	0xb1
 469 0347 5E       		.byte	0x5e
 470 0348 07       		.uleb128 0x7
 471 0349 79070000 		.4byte	.LASF72
 472 034d 03       		.byte	0x3
 473 034e 71       		.byte	0x71
 474 034f B1000000 		.4byte	0xb1
 475 0353 5F       		.byte	0x5f
 476 0354 07       		.uleb128 0x7
 477 0355 97060000 		.4byte	.LASF73
 478 0359 03       		.byte	0x3
 479 035a 72       		.byte	0x72
 480 035b B1000000 		.4byte	0xb1
 481 035f 60       		.byte	0x60
 482 0360 07       		.uleb128 0x7
 483 0361 52070000 		.4byte	.LASF74
 484 0365 03       		.byte	0x3
 485 0366 73       		.byte	0x73
 486 0367 DD000000 		.4byte	0xdd
 487 036b 64       		.byte	0x64
 488 036c 07       		.uleb128 0x7
 489 036d D5010000 		.4byte	.LASF75
 490 0371 03       		.byte	0x3
 491 0372 76       		.byte	0x76
 492 0373 C7000000 		.4byte	0xc7
 493 0377 68       		.byte	0x68
 494 0378 07       		.uleb128 0x7
 495 0379 F2040000 		.4byte	.LASF76
 496 037d 03       		.byte	0x3
 497 037e 77       		.byte	0x77
 498 037f C7000000 		.4byte	0xc7
 499 0383 6A       		.byte	0x6a
 500 0384 07       		.uleb128 0x7
 501 0385 3E050000 		.4byte	.LASF77
 502 0389 03       		.byte	0x3
 503 038a 78       		.byte	0x78
 504 038b C7000000 		.4byte	0xc7
 505 038f 6C       		.byte	0x6c
 506 0390 07       		.uleb128 0x7
 507 0391 6C050000 		.4byte	.LASF78
 508 0395 03       		.byte	0x3
 509 0396 79       		.byte	0x79
 510 0397 C7000000 		.4byte	0xc7
 511 039b 6E       		.byte	0x6e
 512 039c 07       		.uleb128 0x7
 513 039d 08080000 		.4byte	.LASF79
ARM GAS  C:\Users\49148\AppData\Local\Temp\ccJjr7SL.s 			page 10


 514 03a1 03       		.byte	0x3
 515 03a2 7B       		.byte	0x7b
 516 03a3 B1000000 		.4byte	0xb1
 517 03a7 70       		.byte	0x70
 518 03a8 07       		.uleb128 0x7
 519 03a9 6D020000 		.4byte	.LASF80
 520 03ad 03       		.byte	0x3
 521 03ae 7C       		.byte	0x7c
 522 03af B1000000 		.4byte	0xb1
 523 03b3 71       		.byte	0x71
 524 03b4 07       		.uleb128 0x7
 525 03b5 430A0000 		.4byte	.LASF81
 526 03b9 03       		.byte	0x3
 527 03ba 7D       		.byte	0x7d
 528 03bb B1000000 		.4byte	0xb1
 529 03bf 72       		.byte	0x72
 530 03c0 07       		.uleb128 0x7
 531 03c1 72060000 		.4byte	.LASF82
 532 03c5 03       		.byte	0x3
 533 03c6 7E       		.byte	0x7e
 534 03c7 B1000000 		.4byte	0xb1
 535 03cb 73       		.byte	0x73
 536 03cc 07       		.uleb128 0x7
 537 03cd 93030000 		.4byte	.LASF83
 538 03d1 03       		.byte	0x3
 539 03d2 80       		.byte	0x80
 540 03d3 C7000000 		.4byte	0xc7
 541 03d7 74       		.byte	0x74
 542 03d8 07       		.uleb128 0x7
 543 03d9 9E080000 		.4byte	.LASF84
 544 03dd 03       		.byte	0x3
 545 03de 81       		.byte	0x81
 546 03df C7000000 		.4byte	0xc7
 547 03e3 76       		.byte	0x76
 548 03e4 07       		.uleb128 0x7
 549 03e5 73030000 		.4byte	.LASF85
 550 03e9 03       		.byte	0x3
 551 03ea 82       		.byte	0x82
 552 03eb C7000000 		.4byte	0xc7
 553 03ef 78       		.byte	0x78
 554 03f0 07       		.uleb128 0x7
 555 03f1 77010000 		.4byte	.LASF86
 556 03f5 03       		.byte	0x3
 557 03f6 83       		.byte	0x83
 558 03f7 C7000000 		.4byte	0xc7
 559 03fb 7A       		.byte	0x7a
 560 03fc 07       		.uleb128 0x7
 561 03fd EE090000 		.4byte	.LASF87
 562 0401 03       		.byte	0x3
 563 0402 86       		.byte	0x86
 564 0403 B1000000 		.4byte	0xb1
 565 0407 7C       		.byte	0x7c
 566 0408 07       		.uleb128 0x7
 567 0409 23090000 		.4byte	.LASF88
 568 040d 03       		.byte	0x3
 569 040e 87       		.byte	0x87
 570 040f B1000000 		.4byte	0xb1
ARM GAS  C:\Users\49148\AppData\Local\Temp\ccJjr7SL.s 			page 11


 571 0413 7D       		.byte	0x7d
 572 0414 07       		.uleb128 0x7
 573 0415 15010000 		.4byte	.LASF89
 574 0419 03       		.byte	0x3
 575 041a 88       		.byte	0x88
 576 041b B1000000 		.4byte	0xb1
 577 041f 7E       		.byte	0x7e
 578 0420 07       		.uleb128 0x7
 579 0421 CF030000 		.4byte	.LASF90
 580 0425 03       		.byte	0x3
 581 0426 89       		.byte	0x89
 582 0427 B1000000 		.4byte	0xb1
 583 042b 7F       		.byte	0x7f
 584 042c 07       		.uleb128 0x7
 585 042d 6A040000 		.4byte	.LASF91
 586 0431 03       		.byte	0x3
 587 0432 8A       		.byte	0x8a
 588 0433 B1000000 		.4byte	0xb1
 589 0437 80       		.byte	0x80
 590 0438 07       		.uleb128 0x7
 591 0439 CC050000 		.4byte	.LASF92
 592 043d 03       		.byte	0x3
 593 043e 8D       		.byte	0x8d
 594 043f DD000000 		.4byte	0xdd
 595 0443 84       		.byte	0x84
 596 0444 07       		.uleb128 0x7
 597 0445 DE020000 		.4byte	.LASF93
 598 0449 03       		.byte	0x3
 599 044a 8E       		.byte	0x8e
 600 044b DD000000 		.4byte	0xdd
 601 044f 88       		.byte	0x88
 602 0450 07       		.uleb128 0x7
 603 0451 D9090000 		.4byte	.LASF94
 604 0455 03       		.byte	0x3
 605 0456 8F       		.byte	0x8f
 606 0457 DD000000 		.4byte	0xdd
 607 045b 8C       		.byte	0x8c
 608 045c 07       		.uleb128 0x7
 609 045d 1F060000 		.4byte	.LASF95
 610 0461 03       		.byte	0x3
 611 0462 90       		.byte	0x90
 612 0463 DD000000 		.4byte	0xdd
 613 0467 90       		.byte	0x90
 614 0468 07       		.uleb128 0x7
 615 0469 2B040000 		.4byte	.LASF96
 616 046d 03       		.byte	0x3
 617 046e 91       		.byte	0x91
 618 046f DD000000 		.4byte	0xdd
 619 0473 94       		.byte	0x94
 620 0474 07       		.uleb128 0x7
 621 0475 B6050000 		.4byte	.LASF97
 622 0479 03       		.byte	0x3
 623 047a 92       		.byte	0x92
 624 047b DD000000 		.4byte	0xdd
 625 047f 98       		.byte	0x98
 626 0480 07       		.uleb128 0x7
 627 0481 030A0000 		.4byte	.LASF98
ARM GAS  C:\Users\49148\AppData\Local\Temp\ccJjr7SL.s 			page 12


 628 0485 03       		.byte	0x3
 629 0486 93       		.byte	0x93
 630 0487 DD000000 		.4byte	0xdd
 631 048b 9C       		.byte	0x9c
 632 048c 07       		.uleb128 0x7
 633 048d F7010000 		.4byte	.LASF99
 634 0491 03       		.byte	0x3
 635 0492 94       		.byte	0x94
 636 0493 DD000000 		.4byte	0xdd
 637 0497 A0       		.byte	0xa0
 638 0498 07       		.uleb128 0x7
 639 0499 96020000 		.4byte	.LASF100
 640 049d 03       		.byte	0x3
 641 049e 95       		.byte	0x95
 642 049f C7000000 		.4byte	0xc7
 643 04a3 A4       		.byte	0xa4
 644 04a4 07       		.uleb128 0x7
 645 04a5 A1050000 		.4byte	.LASF101
 646 04a9 03       		.byte	0x3
 647 04aa 96       		.byte	0x96
 648 04ab C7000000 		.4byte	0xc7
 649 04af A6       		.byte	0xa6
 650 04b0 07       		.uleb128 0x7
 651 04b1 6D070000 		.4byte	.LASF102
 652 04b5 03       		.byte	0x3
 653 04b6 97       		.byte	0x97
 654 04b7 C7000000 		.4byte	0xc7
 655 04bb A8       		.byte	0xa8
 656 04bc 07       		.uleb128 0x7
 657 04bd 6C080000 		.4byte	.LASF103
 658 04c1 03       		.byte	0x3
 659 04c2 98       		.byte	0x98
 660 04c3 C7000000 		.4byte	0xc7
 661 04c7 AA       		.byte	0xaa
 662 04c8 07       		.uleb128 0x7
 663 04c9 4D050000 		.4byte	.LASF104
 664 04cd 03       		.byte	0x3
 665 04ce 99       		.byte	0x99
 666 04cf C7000000 		.4byte	0xc7
 667 04d3 AC       		.byte	0xac
 668 04d4 07       		.uleb128 0x7
 669 04d5 89060000 		.4byte	.LASF105
 670 04d9 03       		.byte	0x3
 671 04da 9A       		.byte	0x9a
 672 04db C7000000 		.4byte	0xc7
 673 04df AE       		.byte	0xae
 674 04e0 07       		.uleb128 0x7
 675 04e1 08090000 		.4byte	.LASF106
 676 04e5 03       		.byte	0x3
 677 04e6 9D       		.byte	0x9d
 678 04e7 C7000000 		.4byte	0xc7
 679 04eb B0       		.byte	0xb0
 680 04ec 07       		.uleb128 0x7
 681 04ed 28010000 		.4byte	.LASF107
 682 04f1 03       		.byte	0x3
 683 04f2 9E       		.byte	0x9e
 684 04f3 DD000000 		.4byte	0xdd
ARM GAS  C:\Users\49148\AppData\Local\Temp\ccJjr7SL.s 			page 13


 685 04f7 B4       		.byte	0xb4
 686 04f8 00       		.byte	0
 687 04f9 04       		.uleb128 0x4
 688 04fa 85050000 		.4byte	.LASF108
 689 04fe 03       		.byte	0x3
 690 04ff 9F       		.byte	0x9f
 691 0500 E8000000 		.4byte	0xe8
 692 0504 03       		.uleb128 0x3
 693 0505 04       		.byte	0x4
 694 0506 04       		.byte	0x4
 695 0507 4C070000 		.4byte	.LASF109
 696 050b 03       		.uleb128 0x3
 697 050c 08       		.byte	0x8
 698 050d 04       		.byte	0x4
 699 050e 6C030000 		.4byte	.LASF110
 700 0512 08       		.uleb128 0x8
 701 0513 02       		.byte	0x2
 702 0514 04       		.byte	0x4
 703 0515 6401     		.2byte	0x164
 704 0517 36050000 		.4byte	0x536
 705 051b 09       		.uleb128 0x9
 706 051c 190A0000 		.4byte	.LASF111
 707 0520 04       		.byte	0x4
 708 0521 6E01     		.2byte	0x16e
 709 0523 B1000000 		.4byte	0xb1
 710 0527 00       		.byte	0
 711 0528 09       		.uleb128 0x9
 712 0529 E3050000 		.4byte	.LASF112
 713 052d 04       		.byte	0x4
 714 052e 7201     		.2byte	0x172
 715 0530 B1000000 		.4byte	0xb1
 716 0534 01       		.byte	0x1
 717 0535 00       		.byte	0
 718 0536 0A       		.uleb128 0xa
 719 0537 8C010000 		.4byte	.LASF113
 720 053b 04       		.byte	0x4
 721 053c 7401     		.2byte	0x174
 722 053e 12050000 		.4byte	0x512
 723 0542 0A       		.uleb128 0xa
 724 0543 F6050000 		.4byte	.LASF114
 725 0547 05       		.byte	0x5
 726 0548 7F01     		.2byte	0x17f
 727 054a C7000000 		.4byte	0xc7
 728 054e 0B       		.uleb128 0xb
 729 054f 01       		.byte	0x1
 730 0550 4B000000 		.4byte	0x4b
 731 0554 06       		.byte	0x6
 732 0555 7E       		.byte	0x7e
 733 0556 73050000 		.4byte	0x573
 734 055a 0C       		.uleb128 0xc
 735 055b B8090000 		.4byte	.LASF115
 736 055f 00       		.byte	0
 737 0560 0C       		.uleb128 0xc
 738 0561 53060000 		.4byte	.LASF116
 739 0565 01       		.byte	0x1
 740 0566 0C       		.uleb128 0xc
 741 0567 9B090000 		.4byte	.LASF117
ARM GAS  C:\Users\49148\AppData\Local\Temp\ccJjr7SL.s 			page 14


 742 056b 02       		.byte	0x2
 743 056c 0C       		.uleb128 0xc
 744 056d AB020000 		.4byte	.LASF118
 745 0571 03       		.byte	0x3
 746 0572 00       		.byte	0
 747 0573 04       		.uleb128 0x4
 748 0574 26030000 		.4byte	.LASF119
 749 0578 06       		.byte	0x6
 750 0579 83       		.byte	0x83
 751 057a 4E050000 		.4byte	0x54e
 752 057e 0B       		.uleb128 0xb
 753 057f 01       		.byte	0x1
 754 0580 4B000000 		.4byte	0x4b
 755 0584 06       		.byte	0x6
 756 0585 87       		.byte	0x87
 757 0586 BB050000 		.4byte	0x5bb
 758 058a 0C       		.uleb128 0xc
 759 058b 55090000 		.4byte	.LASF120
 760 058f 00       		.byte	0
 761 0590 0C       		.uleb128 0xc
 762 0591 6B0A0000 		.4byte	.LASF121
 763 0595 01       		.byte	0x1
 764 0596 0C       		.uleb128 0xc
 765 0597 97040000 		.4byte	.LASF122
 766 059b 02       		.byte	0x2
 767 059c 0C       		.uleb128 0xc
 768 059d 40040000 		.4byte	.LASF123
 769 05a1 03       		.byte	0x3
 770 05a2 0C       		.uleb128 0xc
 771 05a3 A5030000 		.4byte	.LASF124
 772 05a7 04       		.byte	0x4
 773 05a8 0C       		.uleb128 0xc
 774 05a9 97070000 		.4byte	.LASF125
 775 05ad 05       		.byte	0x5
 776 05ae 0C       		.uleb128 0xc
 777 05af B3040000 		.4byte	.LASF126
 778 05b3 06       		.byte	0x6
 779 05b4 0C       		.uleb128 0xc
 780 05b5 28070000 		.4byte	.LASF127
 781 05b9 07       		.byte	0x7
 782 05ba 00       		.byte	0
 783 05bb 04       		.uleb128 0x4
 784 05bc DB060000 		.4byte	.LASF128
 785 05c0 06       		.byte	0x6
 786 05c1 90       		.byte	0x90
 787 05c2 7E050000 		.4byte	0x57e
 788 05c6 04       		.uleb128 0x4
 789 05c7 06030000 		.4byte	.LASF129
 790 05cb 07       		.byte	0x7
 791 05cc 40       		.byte	0x40
 792 05cd D1050000 		.4byte	0x5d1
 793 05d1 0D       		.uleb128 0xd
 794 05d2 04       		.byte	0x4
 795 05d3 D7050000 		.4byte	0x5d7
 796 05d7 0E       		.uleb128 0xe
 797 05d8 E7050000 		.4byte	0x5e7
 798 05dc 0F       		.uleb128 0xf
ARM GAS  C:\Users\49148\AppData\Local\Temp\ccJjr7SL.s 			page 15


 799 05dd DD000000 		.4byte	0xdd
 800 05e1 0F       		.uleb128 0xf
 801 05e2 A8000000 		.4byte	0xa8
 802 05e6 00       		.byte	0
 803 05e7 03       		.uleb128 0x3
 804 05e8 01       		.byte	0x1
 805 05e9 02       		.byte	0x2
 806 05ea CE070000 		.4byte	.LASF130
 807 05ee 06       		.uleb128 0x6
 808 05ef 08       		.byte	0x8
 809 05f0 08       		.byte	0x8
 810 05f1 48       		.byte	0x48
 811 05f2 27060000 		.4byte	0x627
 812 05f6 07       		.uleb128 0x7
 813 05f7 34090000 		.4byte	.LASF131
 814 05fb 08       		.byte	0x8
 815 05fc 4A       		.byte	0x4a
 816 05fd 42050000 		.4byte	0x542
 817 0601 00       		.byte	0
 818 0602 07       		.uleb128 0x7
 819 0603 42090000 		.4byte	.LASF132
 820 0607 08       		.byte	0x8
 821 0608 4B       		.byte	0x4b
 822 0609 42050000 		.4byte	0x542
 823 060d 02       		.byte	0x2
 824 060e 07       		.uleb128 0x7
 825 060f 48020000 		.4byte	.LASF133
 826 0613 08       		.byte	0x8
 827 0614 4C       		.byte	0x4c
 828 0615 42050000 		.4byte	0x542
 829 0619 04       		.byte	0x4
 830 061a 07       		.uleb128 0x7
 831 061b E7040000 		.4byte	.LASF134
 832 061f 08       		.byte	0x8
 833 0620 4D       		.byte	0x4d
 834 0621 42050000 		.4byte	0x542
 835 0625 06       		.byte	0x6
 836 0626 00       		.byte	0
 837 0627 04       		.uleb128 0x4
 838 0628 E5010000 		.4byte	.LASF135
 839 062c 08       		.byte	0x8
 840 062d 4E       		.byte	0x4e
 841 062e EE050000 		.4byte	0x5ee
 842 0632 06       		.uleb128 0x6
 843 0633 08       		.byte	0x8
 844 0634 08       		.byte	0x8
 845 0635 6E       		.byte	0x6e
 846 0636 53060000 		.4byte	0x653
 847 063a 07       		.uleb128 0x7
 848 063b 3D060000 		.4byte	.LASF136
 849 063f 08       		.byte	0x8
 850 0640 71       		.byte	0x71
 851 0641 53060000 		.4byte	0x653
 852 0645 00       		.byte	0
 853 0646 07       		.uleb128 0x7
 854 0647 C1070000 		.4byte	.LASF137
 855 064b 08       		.byte	0x8
ARM GAS  C:\Users\49148\AppData\Local\Temp\ccJjr7SL.s 			page 16


 856 064c 74       		.byte	0x74
 857 064d C6050000 		.4byte	0x5c6
 858 0651 04       		.byte	0x4
 859 0652 00       		.byte	0
 860 0653 0D       		.uleb128 0xd
 861 0654 04       		.byte	0x4
 862 0655 59060000 		.4byte	0x659
 863 0659 10       		.uleb128 0x10
 864 065a 27060000 		.4byte	0x627
 865 065e 04       		.uleb128 0x4
 866 065f E3030000 		.4byte	.LASF138
 867 0663 08       		.byte	0x8
 868 0664 75       		.byte	0x75
 869 0665 32060000 		.4byte	0x632
 870 0669 11       		.uleb128 0x11
 871 066a 59060000 		.4byte	0x659
 872 066e 79060000 		.4byte	0x679
 873 0672 12       		.uleb128 0x12
 874 0673 A1000000 		.4byte	0xa1
 875 0677 00       		.byte	0
 876 0678 00       		.byte	0
 877 0679 13       		.uleb128 0x13
 878 067a 43080000 		.4byte	.LASF149
 879 067e 0A       		.byte	0xa
 880 067f 15       		.byte	0x15
 881 0680 8A060000 		.4byte	0x68a
 882 0684 05       		.uleb128 0x5
 883 0685 03       		.byte	0x3
 884 0686 00000000 		.4byte	cy_ble_bass
 885 068a 10       		.uleb128 0x10
 886 068b 69060000 		.4byte	0x669
 887 068f 14       		.uleb128 0x14
 888 0690 63070000 		.4byte	.LASF139
 889 0694 03       		.byte	0x3
 890 0695 A7       		.byte	0xa7
 891 0696 9A060000 		.4byte	0x69a
 892 069a 0D       		.uleb128 0xd
 893 069b 04       		.byte	0x4
 894 069c A0060000 		.4byte	0x6a0
 895 06a0 10       		.uleb128 0x10
 896 06a1 F9040000 		.4byte	0x4f9
 897 06a5 15       		.uleb128 0x15
 898 06a6 0D020000 		.4byte	.LASF140
 899 06aa 09       		.byte	0x9
 900 06ab F907     		.2byte	0x7f9
 901 06ad B1060000 		.4byte	0x6b1
 902 06b1 16       		.uleb128 0x16
 903 06b2 D2000000 		.4byte	0xd2
 904 06b6 15       		.uleb128 0x15
 905 06b7 BB080000 		.4byte	.LASF141
 906 06bb 06       		.byte	0x6
 907 06bc 2202     		.2byte	0x222
 908 06be 73050000 		.4byte	0x573
 909 06c2 11       		.uleb128 0x11
 910 06c3 36050000 		.4byte	0x536
 911 06c7 D2060000 		.4byte	0x6d2
 912 06cb 12       		.uleb128 0x12
ARM GAS  C:\Users\49148\AppData\Local\Temp\ccJjr7SL.s 			page 17


 913 06cc A1000000 		.4byte	0xa1
 914 06d0 00       		.byte	0
 915 06d1 00       		.byte	0
 916 06d2 15       		.uleb128 0x15
 917 06d3 74090000 		.4byte	.LASF142
 918 06d7 06       		.byte	0x6
 919 06d8 2C02     		.2byte	0x22c
 920 06da C2060000 		.4byte	0x6c2
 921 06de 11       		.uleb128 0x11
 922 06df BB050000 		.4byte	0x5bb
 923 06e3 EE060000 		.4byte	0x6ee
 924 06e7 12       		.uleb128 0x12
 925 06e8 A1000000 		.4byte	0xa1
 926 06ec 00       		.byte	0
 927 06ed 00       		.byte	0
 928 06ee 15       		.uleb128 0x15
 929 06ef 5B050000 		.4byte	.LASF143
 930 06f3 06       		.byte	0x6
 931 06f4 2D02     		.2byte	0x22d
 932 06f6 DE060000 		.4byte	0x6de
 933 06fa 15       		.uleb128 0x15
 934 06fb 85080000 		.4byte	.LASF144
 935 06ff 06       		.byte	0x6
 936 0700 5202     		.2byte	0x252
 937 0702 B1000000 		.4byte	0xb1
 938 0706 17       		.uleb128 0x17
 939 0707 F5020000 		.4byte	.LASF145
 940 070b 0A       		.byte	0xa
 941 070c 25       		.byte	0x25
 942 070d 5E060000 		.4byte	0x65e
 943 0711 05       		.uleb128 0x5
 944 0712 03       		.byte	0x3
 945 0713 00000000 		.4byte	cy_ble_basConfig
 946 0717 00       		.byte	0
 947              		.section	.debug_abbrev,"",%progbits
 948              	.Ldebug_abbrev0:
 949 0000 01       		.uleb128 0x1
 950 0001 11       		.uleb128 0x11
 951 0002 01       		.byte	0x1
 952 0003 25       		.uleb128 0x25
 953 0004 0E       		.uleb128 0xe
 954 0005 13       		.uleb128 0x13
 955 0006 0B       		.uleb128 0xb
 956 0007 03       		.uleb128 0x3
 957 0008 0E       		.uleb128 0xe
 958 0009 1B       		.uleb128 0x1b
 959 000a 0E       		.uleb128 0xe
 960 000b 10       		.uleb128 0x10
 961 000c 17       		.uleb128 0x17
 962 000d 00       		.byte	0
 963 000e 00       		.byte	0
 964 000f 02       		.uleb128 0x2
 965 0010 24       		.uleb128 0x24
 966 0011 00       		.byte	0
 967 0012 0B       		.uleb128 0xb
 968 0013 0B       		.uleb128 0xb
 969 0014 3E       		.uleb128 0x3e
ARM GAS  C:\Users\49148\AppData\Local\Temp\ccJjr7SL.s 			page 18


 970 0015 0B       		.uleb128 0xb
 971 0016 03       		.uleb128 0x3
 972 0017 08       		.uleb128 0x8
 973 0018 00       		.byte	0
 974 0019 00       		.byte	0
 975 001a 03       		.uleb128 0x3
 976 001b 24       		.uleb128 0x24
 977 001c 00       		.byte	0
 978 001d 0B       		.uleb128 0xb
 979 001e 0B       		.uleb128 0xb
 980 001f 3E       		.uleb128 0x3e
 981 0020 0B       		.uleb128 0xb
 982 0021 03       		.uleb128 0x3
 983 0022 0E       		.uleb128 0xe
 984 0023 00       		.byte	0
 985 0024 00       		.byte	0
 986 0025 04       		.uleb128 0x4
 987 0026 16       		.uleb128 0x16
 988 0027 00       		.byte	0
 989 0028 03       		.uleb128 0x3
 990 0029 0E       		.uleb128 0xe
 991 002a 3A       		.uleb128 0x3a
 992 002b 0B       		.uleb128 0xb
 993 002c 3B       		.uleb128 0x3b
 994 002d 0B       		.uleb128 0xb
 995 002e 49       		.uleb128 0x49
 996 002f 13       		.uleb128 0x13
 997 0030 00       		.byte	0
 998 0031 00       		.byte	0
 999 0032 05       		.uleb128 0x5
 1000 0033 0F       		.uleb128 0xf
 1001 0034 00       		.byte	0
 1002 0035 0B       		.uleb128 0xb
 1003 0036 0B       		.uleb128 0xb
 1004 0037 00       		.byte	0
 1005 0038 00       		.byte	0
 1006 0039 06       		.uleb128 0x6
 1007 003a 13       		.uleb128 0x13
 1008 003b 01       		.byte	0x1
 1009 003c 0B       		.uleb128 0xb
 1010 003d 0B       		.uleb128 0xb
 1011 003e 3A       		.uleb128 0x3a
 1012 003f 0B       		.uleb128 0xb
 1013 0040 3B       		.uleb128 0x3b
 1014 0041 0B       		.uleb128 0xb
 1015 0042 01       		.uleb128 0x1
 1016 0043 13       		.uleb128 0x13
 1017 0044 00       		.byte	0
 1018 0045 00       		.byte	0
 1019 0046 07       		.uleb128 0x7
 1020 0047 0D       		.uleb128 0xd
 1021 0048 00       		.byte	0
 1022 0049 03       		.uleb128 0x3
 1023 004a 0E       		.uleb128 0xe
 1024 004b 3A       		.uleb128 0x3a
 1025 004c 0B       		.uleb128 0xb
 1026 004d 3B       		.uleb128 0x3b
ARM GAS  C:\Users\49148\AppData\Local\Temp\ccJjr7SL.s 			page 19


 1027 004e 0B       		.uleb128 0xb
 1028 004f 49       		.uleb128 0x49
 1029 0050 13       		.uleb128 0x13
 1030 0051 38       		.uleb128 0x38
 1031 0052 0B       		.uleb128 0xb
 1032 0053 00       		.byte	0
 1033 0054 00       		.byte	0
 1034 0055 08       		.uleb128 0x8
 1035 0056 13       		.uleb128 0x13
 1036 0057 01       		.byte	0x1
 1037 0058 0B       		.uleb128 0xb
 1038 0059 0B       		.uleb128 0xb
 1039 005a 3A       		.uleb128 0x3a
 1040 005b 0B       		.uleb128 0xb
 1041 005c 3B       		.uleb128 0x3b
 1042 005d 05       		.uleb128 0x5
 1043 005e 01       		.uleb128 0x1
 1044 005f 13       		.uleb128 0x13
 1045 0060 00       		.byte	0
 1046 0061 00       		.byte	0
 1047 0062 09       		.uleb128 0x9
 1048 0063 0D       		.uleb128 0xd
 1049 0064 00       		.byte	0
 1050 0065 03       		.uleb128 0x3
 1051 0066 0E       		.uleb128 0xe
 1052 0067 3A       		.uleb128 0x3a
 1053 0068 0B       		.uleb128 0xb
 1054 0069 3B       		.uleb128 0x3b
 1055 006a 05       		.uleb128 0x5
 1056 006b 49       		.uleb128 0x49
 1057 006c 13       		.uleb128 0x13
 1058 006d 38       		.uleb128 0x38
 1059 006e 0B       		.uleb128 0xb
 1060 006f 00       		.byte	0
 1061 0070 00       		.byte	0
 1062 0071 0A       		.uleb128 0xa
 1063 0072 16       		.uleb128 0x16
 1064 0073 00       		.byte	0
 1065 0074 03       		.uleb128 0x3
 1066 0075 0E       		.uleb128 0xe
 1067 0076 3A       		.uleb128 0x3a
 1068 0077 0B       		.uleb128 0xb
 1069 0078 3B       		.uleb128 0x3b
 1070 0079 05       		.uleb128 0x5
 1071 007a 49       		.uleb128 0x49
 1072 007b 13       		.uleb128 0x13
 1073 007c 00       		.byte	0
 1074 007d 00       		.byte	0
 1075 007e 0B       		.uleb128 0xb
 1076 007f 04       		.uleb128 0x4
 1077 0080 01       		.byte	0x1
 1078 0081 0B       		.uleb128 0xb
 1079 0082 0B       		.uleb128 0xb
 1080 0083 49       		.uleb128 0x49
 1081 0084 13       		.uleb128 0x13
 1082 0085 3A       		.uleb128 0x3a
 1083 0086 0B       		.uleb128 0xb
ARM GAS  C:\Users\49148\AppData\Local\Temp\ccJjr7SL.s 			page 20


 1084 0087 3B       		.uleb128 0x3b
 1085 0088 0B       		.uleb128 0xb
 1086 0089 01       		.uleb128 0x1
 1087 008a 13       		.uleb128 0x13
 1088 008b 00       		.byte	0
 1089 008c 00       		.byte	0
 1090 008d 0C       		.uleb128 0xc
 1091 008e 28       		.uleb128 0x28
 1092 008f 00       		.byte	0
 1093 0090 03       		.uleb128 0x3
 1094 0091 0E       		.uleb128 0xe
 1095 0092 1C       		.uleb128 0x1c
 1096 0093 0B       		.uleb128 0xb
 1097 0094 00       		.byte	0
 1098 0095 00       		.byte	0
 1099 0096 0D       		.uleb128 0xd
 1100 0097 0F       		.uleb128 0xf
 1101 0098 00       		.byte	0
 1102 0099 0B       		.uleb128 0xb
 1103 009a 0B       		.uleb128 0xb
 1104 009b 49       		.uleb128 0x49
 1105 009c 13       		.uleb128 0x13
 1106 009d 00       		.byte	0
 1107 009e 00       		.byte	0
 1108 009f 0E       		.uleb128 0xe
 1109 00a0 15       		.uleb128 0x15
 1110 00a1 01       		.byte	0x1
 1111 00a2 27       		.uleb128 0x27
 1112 00a3 19       		.uleb128 0x19
 1113 00a4 01       		.uleb128 0x1
 1114 00a5 13       		.uleb128 0x13
 1115 00a6 00       		.byte	0
 1116 00a7 00       		.byte	0
 1117 00a8 0F       		.uleb128 0xf
 1118 00a9 05       		.uleb128 0x5
 1119 00aa 00       		.byte	0
 1120 00ab 49       		.uleb128 0x49
 1121 00ac 13       		.uleb128 0x13
 1122 00ad 00       		.byte	0
 1123 00ae 00       		.byte	0
 1124 00af 10       		.uleb128 0x10
 1125 00b0 26       		.uleb128 0x26
 1126 00b1 00       		.byte	0
 1127 00b2 49       		.uleb128 0x49
 1128 00b3 13       		.uleb128 0x13
 1129 00b4 00       		.byte	0
 1130 00b5 00       		.byte	0
 1131 00b6 11       		.uleb128 0x11
 1132 00b7 01       		.uleb128 0x1
 1133 00b8 01       		.byte	0x1
 1134 00b9 49       		.uleb128 0x49
 1135 00ba 13       		.uleb128 0x13
 1136 00bb 01       		.uleb128 0x1
 1137 00bc 13       		.uleb128 0x13
 1138 00bd 00       		.byte	0
 1139 00be 00       		.byte	0
 1140 00bf 12       		.uleb128 0x12
ARM GAS  C:\Users\49148\AppData\Local\Temp\ccJjr7SL.s 			page 21


 1141 00c0 21       		.uleb128 0x21
 1142 00c1 00       		.byte	0
 1143 00c2 49       		.uleb128 0x49
 1144 00c3 13       		.uleb128 0x13
 1145 00c4 2F       		.uleb128 0x2f
 1146 00c5 0B       		.uleb128 0xb
 1147 00c6 00       		.byte	0
 1148 00c7 00       		.byte	0
 1149 00c8 13       		.uleb128 0x13
 1150 00c9 34       		.uleb128 0x34
 1151 00ca 00       		.byte	0
 1152 00cb 03       		.uleb128 0x3
 1153 00cc 0E       		.uleb128 0xe
 1154 00cd 3A       		.uleb128 0x3a
 1155 00ce 0B       		.uleb128 0xb
 1156 00cf 3B       		.uleb128 0x3b
 1157 00d0 0B       		.uleb128 0xb
 1158 00d1 49       		.uleb128 0x49
 1159 00d2 13       		.uleb128 0x13
 1160 00d3 02       		.uleb128 0x2
 1161 00d4 18       		.uleb128 0x18
 1162 00d5 00       		.byte	0
 1163 00d6 00       		.byte	0
 1164 00d7 14       		.uleb128 0x14
 1165 00d8 34       		.uleb128 0x34
 1166 00d9 00       		.byte	0
 1167 00da 03       		.uleb128 0x3
 1168 00db 0E       		.uleb128 0xe
 1169 00dc 3A       		.uleb128 0x3a
 1170 00dd 0B       		.uleb128 0xb
 1171 00de 3B       		.uleb128 0x3b
 1172 00df 0B       		.uleb128 0xb
 1173 00e0 49       		.uleb128 0x49
 1174 00e1 13       		.uleb128 0x13
 1175 00e2 3F       		.uleb128 0x3f
 1176 00e3 19       		.uleb128 0x19
 1177 00e4 3C       		.uleb128 0x3c
 1178 00e5 19       		.uleb128 0x19
 1179 00e6 00       		.byte	0
 1180 00e7 00       		.byte	0
 1181 00e8 15       		.uleb128 0x15
 1182 00e9 34       		.uleb128 0x34
 1183 00ea 00       		.byte	0
 1184 00eb 03       		.uleb128 0x3
 1185 00ec 0E       		.uleb128 0xe
 1186 00ed 3A       		.uleb128 0x3a
 1187 00ee 0B       		.uleb128 0xb
 1188 00ef 3B       		.uleb128 0x3b
 1189 00f0 05       		.uleb128 0x5
 1190 00f1 49       		.uleb128 0x49
 1191 00f2 13       		.uleb128 0x13
 1192 00f3 3F       		.uleb128 0x3f
 1193 00f4 19       		.uleb128 0x19
 1194 00f5 3C       		.uleb128 0x3c
 1195 00f6 19       		.uleb128 0x19
 1196 00f7 00       		.byte	0
 1197 00f8 00       		.byte	0
ARM GAS  C:\Users\49148\AppData\Local\Temp\ccJjr7SL.s 			page 22


 1198 00f9 16       		.uleb128 0x16
 1199 00fa 35       		.uleb128 0x35
 1200 00fb 00       		.byte	0
 1201 00fc 49       		.uleb128 0x49
 1202 00fd 13       		.uleb128 0x13
 1203 00fe 00       		.byte	0
 1204 00ff 00       		.byte	0
 1205 0100 17       		.uleb128 0x17
 1206 0101 34       		.uleb128 0x34
 1207 0102 00       		.byte	0
 1208 0103 03       		.uleb128 0x3
 1209 0104 0E       		.uleb128 0xe
 1210 0105 3A       		.uleb128 0x3a
 1211 0106 0B       		.uleb128 0xb
 1212 0107 3B       		.uleb128 0x3b
 1213 0108 0B       		.uleb128 0xb
 1214 0109 49       		.uleb128 0x49
 1215 010a 13       		.uleb128 0x13
 1216 010b 3F       		.uleb128 0x3f
 1217 010c 19       		.uleb128 0x19
 1218 010d 02       		.uleb128 0x2
 1219 010e 18       		.uleb128 0x18
 1220 010f 00       		.byte	0
 1221 0110 00       		.byte	0
 1222 0111 00       		.byte	0
 1223              		.section	.debug_aranges,"",%progbits
 1224 0000 14000000 		.4byte	0x14
 1225 0004 0200     		.2byte	0x2
 1226 0006 00000000 		.4byte	.Ldebug_info0
 1227 000a 04       		.byte	0x4
 1228 000b 00       		.byte	0
 1229 000c 0000     		.2byte	0
 1230 000e 0000     		.2byte	0
 1231 0010 00000000 		.4byte	0
 1232 0014 00000000 		.4byte	0
 1233              		.section	.debug_line,"",%progbits
 1234              	.Ldebug_line0:
 1235 0000 25020000 		.section	.debug_str,"MS",%progbits,1
 1235      02001F02 
 1235      00000201 
 1235      FB0E0D00 
 1235      01010101 
 1236              	.LASF148:
 1237 0000 443A5C50 		.ascii	"D:\\PSOC_Jingyi\\HeartRateProject\\PSOC_Project\\PS"
 1237      534F435F 
 1237      4A696E67 
 1237      79695C48 
 1237      65617274 
 1238 002f 4F435F50 		.ascii	"OC_PPG.cydsn\000"
 1238      50472E63 
 1238      7964736E 
 1238      00
 1239              	.LASF57:
 1240 003c 70726F74 		.ascii	"protBusMasterMask\000"
 1240      4275734D 
 1240      61737465 
 1240      724D6173 
ARM GAS  C:\Users\49148\AppData\Local\Temp\ccJjr7SL.s 			page 23


 1240      6B00
 1241              	.LASF146:
 1242 004e 474E5520 		.ascii	"GNU C11 5.4.1 20160609 (release) [ARM/embedded-5-br"
 1242      43313120 
 1242      352E342E 
 1242      31203230 
 1242      31363036 
 1243 0081 616E6368 		.ascii	"anch revision 237715] -mcpu=cortex-m4 -mfloat-abi=s"
 1243      20726576 
 1243      6973696F 
 1243      6E203233 
 1243      37373135 
 1244 00b4 6F667466 		.ascii	"oftfp -mfpu=fpv4-sp-d16 -mthumb -g -O0 -ffunction-s"
 1244      70202D6D 
 1244      6670753D 
 1244      66707634 
 1244      2D73702D 
 1245 00e7 65637469 		.ascii	"ections -ffat-lto-objects\000"
 1245      6F6E7320 
 1245      2D666661 
 1245      742D6C74 
 1245      6F2D6F62 
 1246              	.LASF67:
 1247 0101 666C6173 		.ascii	"flashCtlMainWs3Freq\000"
 1247      6843746C 
 1247      4D61696E 
 1247      57733346 
 1247      72657100 
 1248              	.LASF89:
 1249 0115 6770696F 		.ascii	"gpioPrtCfgInOffset\000"
 1249      50727443 
 1249      6667496E 
 1249      4F666673 
 1249      657400
 1250              	.LASF107:
 1251 0128 6970634C 		.ascii	"ipcLockStatusOffset\000"
 1251      6F636B53 
 1251      74617475 
 1251      734F6666 
 1251      73657400 
 1252              	.LASF33:
 1253 013c 63727970 		.ascii	"cryptoVersion\000"
 1253      746F5665 
 1253      7273696F 
 1253      6E00
 1254              	.LASF51:
 1255 014a 70657269 		.ascii	"periClockNr\000"
 1255      436C6F63 
 1255      6B4E7200 
 1256              	.LASF29:
 1257 0156 70617373 		.ascii	"passBase\000"
 1257      42617365 
 1257      00
 1258              	.LASF42:
 1259 015f 63707573 		.ascii	"cpussIpcIrqNr\000"
 1259      73497063 
 1259      4972714E 
ARM GAS  C:\Users\49148\AppData\Local\Temp\ccJjr7SL.s 			page 24


 1259      7200
 1260              	.LASF5:
 1261 016d 5F5F7569 		.ascii	"__uint8_t\000"
 1261      6E74385F 
 1261      7400
 1262              	.LASF86:
 1263 0177 70657269 		.ascii	"periDiv24_5CtlOffset\000"
 1263      44697632 
 1263      345F3543 
 1263      746C4F66 
 1263      66736574 
 1264              	.LASF113:
 1265 018c 63795F73 		.ascii	"cy_stc_ble_conn_handle_t\000"
 1265      74635F62 
 1265      6C655F63 
 1265      6F6E6E5F 
 1265      68616E64 
 1266              	.LASF22:
 1267 01a5 63707573 		.ascii	"cpussBase\000"
 1267      73426173 
 1267      6500
 1268              	.LASF71:
 1269 01af 64774368 		.ascii	"dwChCtlPrioPos\000"
 1269      43746C50 
 1269      72696F50 
 1269      6F7300
 1270              	.LASF14:
 1271 01be 6C6F6E67 		.ascii	"long long unsigned int\000"
 1271      206C6F6E 
 1271      6720756E 
 1271      7369676E 
 1271      65642069 
 1272              	.LASF75:
 1273 01d5 70657269 		.ascii	"periTrCmdOffset\000"
 1273      5472436D 
 1273      644F6666 
 1273      73657400 
 1274              	.LASF135:
 1275 01e5 63795F73 		.ascii	"cy_stc_ble_bass_t\000"
 1275      74635F62 
 1275      6C655F62 
 1275      6173735F 
 1275      7400
 1276              	.LASF99:
 1277 01f7 63707573 		.ascii	"cpussSysTickCtlOffset\000"
 1277      73537973 
 1277      5469636B 
 1277      43746C4F 
 1277      66667365 
 1278              	.LASF140:
 1279 020d 49544D5F 		.ascii	"ITM_RxBuffer\000"
 1279      52784275 
 1279      66666572 
 1279      00
 1280              	.LASF60:
 1281 021a 666C6173 		.ascii	"flashPipeRequired\000"
 1281      68506970 
ARM GAS  C:\Users\49148\AppData\Local\Temp\ccJjr7SL.s 			page 25


 1281      65526571 
 1281      75697265 
 1281      6400
 1282              	.LASF64:
 1283 022c 666C6173 		.ascii	"flashCtlMainWs0Freq\000"
 1283      6843746C 
 1283      4D61696E 
 1283      57733046 
 1283      72657100 
 1284              	.LASF18:
 1285 0240 696E7431 		.ascii	"int16_t\000"
 1285      365F7400 
 1286              	.LASF133:
 1287 0248 63706664 		.ascii	"cpfdHandle\000"
 1287      48616E64 
 1287      6C6500
 1288              	.LASF1:
 1289 0253 6C6F6E67 		.ascii	"long long int\000"
 1289      206C6F6E 
 1289      6720696E 
 1289      7400
 1290              	.LASF3:
 1291 0261 7369676E 		.ascii	"signed char\000"
 1291      65642063 
 1291      68617200 
 1292              	.LASF80:
 1293 026d 70657269 		.ascii	"periDivCmdTypeSelPos\000"
 1293      44697643 
 1293      6D645479 
 1293      70655365 
 1293      6C506F73 
 1294              	.LASF26:
 1295 0282 70726F74 		.ascii	"protBase\000"
 1295      42617365 
 1295      00
 1296              	.LASF38:
 1297 028b 69706356 		.ascii	"ipcVersion\000"
 1297      65727369 
 1297      6F6E00
 1298              	.LASF100:
 1299 0296 63707573 		.ascii	"cpussCm0NmiCtlOffset\000"
 1299      73436D30 
 1299      4E6D6943 
 1299      746C4F66 
 1299      66736574 
 1300              	.LASF118:
 1301 02ab 43595F42 		.ascii	"CY_BLE_ADV_STATE_STOP_INITIATED\000"
 1301      4C455F41 
 1301      44565F53 
 1301      54415445 
 1301      5F53544F 
 1302              	.LASF27:
 1303 02cb 6873696F 		.ascii	"hsiomBase\000"
 1303      6D426173 
 1303      6500
 1304              	.LASF11:
 1305 02d5 6C6F6E67 		.ascii	"long int\000"
ARM GAS  C:\Users\49148\AppData\Local\Temp\ccJjr7SL.s 			page 26


 1305      20696E74 
 1305      00
 1306              	.LASF93:
 1307 02de 63707573 		.ascii	"cpussCm4ClockCtlOffset\000"
 1307      73436D34 
 1307      436C6F63 
 1307      6B43746C 
 1307      4F666673 
 1308              	.LASF145:
 1309 02f5 63795F62 		.ascii	"cy_ble_basConfig\000"
 1309      6C655F62 
 1309      6173436F 
 1309      6E666967 
 1309      00
 1310              	.LASF129:
 1311 0306 63795F62 		.ascii	"cy_ble_callback_t\000"
 1311      6C655F63 
 1311      616C6C62 
 1311      61636B5F 
 1311      7400
 1312              	.LASF58:
 1313 0318 63727970 		.ascii	"cryptoMemSize\000"
 1313      746F4D65 
 1313      6D53697A 
 1313      6500
 1314              	.LASF119:
 1315 0326 63795F65 		.ascii	"cy_en_ble_adv_state_t\000"
 1315      6E5F626C 
 1315      655F6164 
 1315      765F7374 
 1315      6174655F 
 1316              	.LASF24:
 1317 033c 70657269 		.ascii	"periBase\000"
 1317      42617365 
 1317      00
 1318              	.LASF56:
 1319 0345 73797350 		.ascii	"sysPmSimoPresent\000"
 1319      6D53696D 
 1319      6F507265 
 1319      73656E74 
 1319      00
 1320              	.LASF46:
 1321 0356 63707573 		.ascii	"cpussFmIrq\000"
 1321      73466D49 
 1321      727100
 1322              	.LASF69:
 1323 0361 64774368 		.ascii	"dwChOffset\000"
 1323      4F666673 
 1323      657400
 1324              	.LASF110:
 1325 036c 646F7562 		.ascii	"double\000"
 1325      6C6500
 1326              	.LASF85:
 1327 0373 70657269 		.ascii	"periDiv16_5CtlOffset\000"
 1327      44697631 
 1327      365F3543 
 1327      746C4F66 
ARM GAS  C:\Users\49148\AppData\Local\Temp\ccJjr7SL.s 			page 27


 1327      66736574 
 1328              	.LASF49:
 1329 0388 73727373 		.ascii	"srssNumPll\000"
 1329      4E756D50 
 1329      6C6C00
 1330              	.LASF83:
 1331 0393 70657269 		.ascii	"periDiv8CtlOffset\000"
 1331      44697638 
 1331      43746C4F 
 1331      66667365 
 1331      7400
 1332              	.LASF124:
 1333 03a5 43595F42 		.ascii	"CY_BLE_CONN_STATE_CLIENT_INCL_DISCOVERING\000"
 1333      4C455F43 
 1333      4F4E4E5F 
 1333      53544154 
 1333      455F434C 
 1334              	.LASF90:
 1335 03cf 6770696F 		.ascii	"gpioPrtCfgOutOffset\000"
 1335      50727443 
 1335      66674F75 
 1335      744F6666 
 1335      73657400 
 1336              	.LASF138:
 1337 03e3 63795F73 		.ascii	"cy_stc_ble_bas_config_t\000"
 1337      74635F62 
 1337      6C655F62 
 1337      61735F63 
 1337      6F6E6669 
 1338              	.LASF23:
 1339 03fb 666C6173 		.ascii	"flashcBase\000"
 1339      68634261 
 1339      736500
 1340              	.LASF12:
 1341 0406 5F5F7569 		.ascii	"__uint32_t\000"
 1341      6E743332 
 1341      5F7400
 1342              	.LASF53:
 1343 0411 70617373 		.ascii	"passSarChannels\000"
 1343      53617243 
 1343      68616E6E 
 1343      656C7300 
 1344              	.LASF6:
 1345 0421 5F5F696E 		.ascii	"__int16_t\000"
 1345      7431365F 
 1345      7400
 1346              	.LASF96:
 1347 042b 63707573 		.ascii	"cpussCm4PwrCtlOffset\000"
 1347      73436D34 
 1347      50777243 
 1347      746C4F66 
 1347      66736574 
 1348              	.LASF123:
 1349 0440 43595F42 		.ascii	"CY_BLE_CONN_STATE_CLIENT_SRVC_DISCOVERING\000"
 1349      4C455F43 
 1349      4F4E4E5F 
 1349      53544154 
ARM GAS  C:\Users\49148\AppData\Local\Temp\ccJjr7SL.s 			page 28


 1349      455F434C 
 1350              	.LASF91:
 1351 046a 6770696F 		.ascii	"gpioPrtCfgSioOffset\000"
 1351      50727443 
 1351      66675369 
 1351      6F4F6666 
 1351      73657400 
 1352              	.LASF43:
 1353 047e 63707573 		.ascii	"cpussDwChNr\000"
 1353      73447743 
 1353      684E7200 
 1354              	.LASF0:
 1355 048a 756E7369 		.ascii	"unsigned int\000"
 1355      676E6564 
 1355      20696E74 
 1355      00
 1356              	.LASF122:
 1357 0497 43595F42 		.ascii	"CY_BLE_CONN_STATE_CONNECTED\000"
 1357      4C455F43 
 1357      4F4E4E5F 
 1357      53544154 
 1357      455F434F 
 1358              	.LASF126:
 1359 04b3 43595F42 		.ascii	"CY_BLE_CONN_STATE_CLIENT_DESCR_DISCOVERING\000"
 1359      4C455F43 
 1359      4F4E4E5F 
 1359      53544154 
 1359      455F434C 
 1360              	.LASF19:
 1361 04de 75696E74 		.ascii	"uint16_t\000"
 1361      31365F74 
 1361      00
 1362              	.LASF134:
 1363 04e7 63636364 		.ascii	"cccdHandle\000"
 1363      48616E64 
 1363      6C6500
 1364              	.LASF76:
 1365 04f2 70657269 		.ascii	"periTrCmdGrSelMsk\000"
 1365      5472436D 
 1365      64477253 
 1365      656C4D73 
 1365      6B00
 1366              	.LASF13:
 1367 0504 6C6F6E67 		.ascii	"long unsigned int\000"
 1367      20756E73 
 1367      69676E65 
 1367      6420696E 
 1367      7400
 1368              	.LASF41:
 1369 0516 63707573 		.ascii	"cpussIpcNr\000"
 1369      73497063 
 1369      4E7200
 1370              	.LASF28:
 1371 0521 6770696F 		.ascii	"gpioBase\000"
 1371      42617365 
 1371      00
 1372              	.LASF66:
ARM GAS  C:\Users\49148\AppData\Local\Temp\ccJjr7SL.s 			page 29


 1373 052a 666C6173 		.ascii	"flashCtlMainWs2Freq\000"
 1373      6843746C 
 1373      4D61696E 
 1373      57733246 
 1373      72657100 
 1374              	.LASF77:
 1375 053e 70657269 		.ascii	"periTrGrOffset\000"
 1375      54724772 
 1375      4F666673 
 1375      657400
 1376              	.LASF104:
 1377 054d 63707573 		.ascii	"cpussRam1Ctl0\000"
 1377      7352616D 
 1377      3143746C 
 1377      3000
 1378              	.LASF143:
 1379 055b 63795F62 		.ascii	"cy_ble_connState\000"
 1379      6C655F63 
 1379      6F6E6E53 
 1379      74617465 
 1379      00
 1380              	.LASF78:
 1381 056c 70657269 		.ascii	"periTrGrSize\000"
 1381      54724772 
 1381      53697A65 
 1381      00
 1382              	.LASF36:
 1383 0579 6770696F 		.ascii	"gpioVersion\000"
 1383      56657273 
 1383      696F6E00 
 1384              	.LASF108:
 1385 0585 63795F73 		.ascii	"cy_stc_device_t\000"
 1385      74635F64 
 1385      65766963 
 1385      655F7400 
 1386              	.LASF54:
 1387 0595 65704D6F 		.ascii	"epMonitorNr\000"
 1387      6E69746F 
 1387      724E7200 
 1388              	.LASF101:
 1389 05a1 63707573 		.ascii	"cpussCm4NmiCtlOffset\000"
 1389      73436D34 
 1389      4E6D6943 
 1389      746C4F66 
 1389      66736574 
 1390              	.LASF97:
 1391 05b6 63707573 		.ascii	"cpussTrimRamCtlOffset\000"
 1391      73547269 
 1391      6D52616D 
 1391      43746C4F 
 1391      66667365 
 1392              	.LASF92:
 1393 05cc 63707573 		.ascii	"cpussCm0ClockCtlOffset\000"
 1393      73436D30 
 1393      436C6F63 
 1393      6B43746C 
 1393      4F666673 
ARM GAS  C:\Users\49148\AppData\Local\Temp\ccJjr7SL.s 			page 30


 1394              	.LASF112:
 1395 05e3 61747449 		.ascii	"attId\000"
 1395      6400
 1396              	.LASF32:
 1397 05e9 63707573 		.ascii	"cpussVersion\000"
 1397      73566572 
 1397      73696F6E 
 1397      00
 1398              	.LASF114:
 1399 05f6 63795F62 		.ascii	"cy_ble_gatt_db_attr_handle_t\000"
 1399      6C655F67 
 1399      6174745F 
 1399      64625F61 
 1399      7474725F 
 1400              	.LASF39:
 1401 0613 70657269 		.ascii	"periVersion\000"
 1401      56657273 
 1401      696F6E00 
 1402              	.LASF95:
 1403 061f 63707573 		.ascii	"cpussCm0StatusOffset\000"
 1403      73436D30 
 1403      53746174 
 1403      75734F66 
 1403      66736574 
 1404              	.LASF15:
 1405 0634 73697A65 		.ascii	"sizetype\000"
 1405      74797065 
 1405      00
 1406              	.LASF136:
 1407 063d 62617373 		.ascii	"bass\000"
 1407      00
 1408              	.LASF44:
 1409 0642 63707573 		.ascii	"cpussFlashPaSize\000"
 1409      73466C61 
 1409      73685061 
 1409      53697A65 
 1409      00
 1410              	.LASF116:
 1411 0653 43595F42 		.ascii	"CY_BLE_ADV_STATE_ADV_INITIATED\000"
 1411      4C455F41 
 1411      44565F53 
 1411      54415445 
 1411      5F414456 
 1412              	.LASF82:
 1413 0672 70657269 		.ascii	"periDivCmdPaTypeSelPos\000"
 1413      44697643 
 1413      6D645061 
 1413      54797065 
 1413      53656C50 
 1414              	.LASF105:
 1415 0689 63707573 		.ascii	"cpussRam2Ctl0\000"
 1415      7352616D 
 1415      3243746C 
 1415      3000
 1416              	.LASF73:
 1417 0697 64775374 		.ascii	"dwStatusChIdxPos\000"
 1417      61747573 
ARM GAS  C:\Users\49148\AppData\Local\Temp\ccJjr7SL.s 			page 31


 1417      43684964 
 1417      78506F73 
 1417      00
 1418              	.LASF147:
 1419 06a8 47656E65 		.ascii	"Generated_Source\\PSoC6\\BLE_bas_config.c\000"
 1419      72617465 
 1419      645F536F 
 1419      75726365 
 1419      5C50536F 
 1420              	.LASF55:
 1421 06d0 75646250 		.ascii	"udbPresent\000"
 1421      72657365 
 1421      6E7400
 1422              	.LASF128:
 1423 06db 63795F65 		.ascii	"cy_en_ble_conn_state_t\000"
 1423      6E5F626C 
 1423      655F636F 
 1423      6E6E5F73 
 1423      74617465 
 1424              	.LASF35:
 1425 06f2 666C6173 		.ascii	"flashcVersion\000"
 1425      68635665 
 1425      7273696F 
 1425      6E00
 1426              	.LASF31:
 1427 0700 63727970 		.ascii	"cryptoBase\000"
 1427      746F4261 
 1427      736500
 1428              	.LASF52:
 1429 070b 736D6966 		.ascii	"smifDeviceNr\000"
 1429      44657669 
 1429      63654E72 
 1429      00
 1430              	.LASF61:
 1431 0718 666C6173 		.ascii	"flashWriteDelay\000"
 1431      68577269 
 1431      74654465 
 1431      6C617900 
 1432              	.LASF127:
 1433 0728 43595F42 		.ascii	"CY_BLE_CONN_STATE_CLIENT_DISCOVERED\000"
 1433      4C455F43 
 1433      4F4E4E5F 
 1433      53544154 
 1433      455F434C 
 1434              	.LASF109:
 1435 074c 666C6F61 		.ascii	"float\000"
 1435      7400
 1436              	.LASF74:
 1437 0752 64775374 		.ascii	"dwStatusChIdxMsk\000"
 1437      61747573 
 1437      43684964 
 1437      784D736B 
 1437      00
 1438              	.LASF139:
 1439 0763 63795F64 		.ascii	"cy_device\000"
 1439      65766963 
 1439      6500
ARM GAS  C:\Users\49148\AppData\Local\Temp\ccJjr7SL.s 			page 32


 1440              	.LASF102:
 1441 076d 63707573 		.ascii	"cpussRomCtl\000"
 1441      73526F6D 
 1441      43746C00 
 1442              	.LASF72:
 1443 0779 64774368 		.ascii	"dwChCtlPreemptablePos\000"
 1443      43746C50 
 1443      7265656D 
 1443      70746162 
 1443      6C65506F 
 1444              	.LASF25:
 1445 078f 75646242 		.ascii	"udbBase\000"
 1445      61736500 
 1446              	.LASF125:
 1447 0797 43595F42 		.ascii	"CY_BLE_CONN_STATE_CLIENT_CHAR_DISCOVERING\000"
 1447      4C455F43 
 1447      4F4E4E5F 
 1447      53544154 
 1447      455F434C 
 1448              	.LASF137:
 1449 07c1 63616C6C 		.ascii	"callbackFunc\000"
 1449      6261636B 
 1449      46756E63 
 1449      00
 1450              	.LASF130:
 1451 07ce 5F426F6F 		.ascii	"_Bool\000"
 1451      6C00
 1452              	.LASF20:
 1453 07d4 696E7433 		.ascii	"int32_t\000"
 1453      325F7400 
 1454              	.LASF4:
 1455 07dc 756E7369 		.ascii	"unsigned char\000"
 1455      676E6564 
 1455      20636861 
 1455      7200
 1456              	.LASF68:
 1457 07ea 666C6173 		.ascii	"flashCtlMainWs4Freq\000"
 1457      6843746C 
 1457      4D61696E 
 1457      57733446 
 1457      72657100 
 1458              	.LASF7:
 1459 07fe 73686F72 		.ascii	"short int\000"
 1459      7420696E 
 1459      7400
 1460              	.LASF79:
 1461 0808 70657269 		.ascii	"periDivCmdDivSelMsk\000"
 1461      44697643 
 1461      6D644469 
 1461      7653656C 
 1461      4D736B00 
 1462              	.LASF50:
 1463 081c 73727373 		.ascii	"srssNumHfroot\000"
 1463      4E756D48 
 1463      66726F6F 
 1463      7400
 1464              	.LASF63:
ARM GAS  C:\Users\49148\AppData\Local\Temp\ccJjr7SL.s 			page 33


 1465 082a 666C6173 		.ascii	"flashEraseDelay\000"
 1465      68457261 
 1465      73654465 
 1465      6C617900 
 1466              	.LASF21:
 1467 083a 75696E74 		.ascii	"uint32_t\000"
 1467      33325F74 
 1467      00
 1468              	.LASF149:
 1469 0843 63795F62 		.ascii	"cy_ble_bass\000"
 1469      6C655F62 
 1469      61737300 
 1470              	.LASF2:
 1471 084f 6C6F6E67 		.ascii	"long double\000"
 1471      20646F75 
 1471      626C6500 
 1472              	.LASF16:
 1473 085b 63686172 		.ascii	"char\000"
 1473      00
 1474              	.LASF40:
 1475 0860 70726F74 		.ascii	"protVersion\000"
 1475      56657273 
 1475      696F6E00 
 1476              	.LASF103:
 1477 086c 63707573 		.ascii	"cpussRam0Ctl0\000"
 1477      7352616D 
 1477      3043746C 
 1477      3000
 1478              	.LASF8:
 1479 087a 5F5F7569 		.ascii	"__uint16_t\000"
 1479      6E743136 
 1479      5F7400
 1480              	.LASF144:
 1481 0885 63795F62 		.ascii	"cy_ble_pendingFlashWrite\000"
 1481      6C655F70 
 1481      656E6469 
 1481      6E67466C 
 1481      61736857 
 1482              	.LASF84:
 1483 089e 70657269 		.ascii	"periDiv16CtlOffset\000"
 1483      44697631 
 1483      3643746C 
 1483      4F666673 
 1483      657400
 1484              	.LASF10:
 1485 08b1 5F5F696E 		.ascii	"__int32_t\000"
 1485      7433325F 
 1485      7400
 1486              	.LASF141:
 1487 08bb 63795F62 		.ascii	"cy_ble_advState\000"
 1487      6C655F61 
 1487      64765374 
 1487      61746500 
 1488              	.LASF37:
 1489 08cb 6873696F 		.ascii	"hsiomVersion\000"
 1489      6D566572 
 1489      73696F6E 
ARM GAS  C:\Users\49148\AppData\Local\Temp\ccJjr7SL.s 			page 34


 1489      00
 1490              	.LASF65:
 1491 08d8 666C6173 		.ascii	"flashCtlMainWs1Freq\000"
 1491      6843746C 
 1491      4D61696E 
 1491      57733146 
 1491      72657100 
 1492              	.LASF9:
 1493 08ec 73686F72 		.ascii	"short unsigned int\000"
 1493      7420756E 
 1493      7369676E 
 1493      65642069 
 1493      6E7400
 1494              	.LASF70:
 1495 08ff 64774368 		.ascii	"dwChSize\000"
 1495      53697A65 
 1495      00
 1496              	.LASF106:
 1497 0908 69706353 		.ascii	"ipcStructSize\000"
 1497      74727563 
 1497      7453697A 
 1497      6500
 1498              	.LASF45:
 1499 0916 63707573 		.ascii	"cpussIpc0Irq\000"
 1499      73497063 
 1499      30497271 
 1499      00
 1500              	.LASF88:
 1501 0923 6770696F 		.ascii	"gpioPrtCfgOffset\000"
 1501      50727443 
 1501      66674F66 
 1501      66736574 
 1501      00
 1502              	.LASF131:
 1503 0934 73657276 		.ascii	"serviceHandle\000"
 1503      69636548 
 1503      616E646C 
 1503      6500
 1504              	.LASF132:
 1505 0942 62617474 		.ascii	"batteryLevelHandle\000"
 1505      6572794C 
 1505      6576656C 
 1505      48616E64 
 1505      6C6500
 1506              	.LASF120:
 1507 0955 43595F42 		.ascii	"CY_BLE_CONN_STATE_DISCONNECTED\000"
 1507      4C455F43 
 1507      4F4E4E5F 
 1507      53544154 
 1507      455F4449 
 1508              	.LASF142:
 1509 0974 63795F62 		.ascii	"cy_ble_connHandle\000"
 1509      6C655F63 
 1509      6F6E6E48 
 1509      616E646C 
 1509      6500
 1510              	.LASF47:
ARM GAS  C:\Users\49148\AppData\Local\Temp\ccJjr7SL.s 			page 35


 1511 0986 63707573 		.ascii	"cpussNotConnectedIrq\000"
 1511      734E6F74 
 1511      436F6E6E 
 1511      65637465 
 1511      64497271 
 1512              	.LASF117:
 1513 099b 43595F42 		.ascii	"CY_BLE_ADV_STATE_ADVERTISING\000"
 1513      4C455F41 
 1513      44565F53 
 1513      54415445 
 1513      5F414456 
 1514              	.LASF115:
 1515 09b8 43595F42 		.ascii	"CY_BLE_ADV_STATE_STOPPED\000"
 1515      4C455F41 
 1515      44565F53 
 1515      54415445 
 1515      5F53544F 
 1516              	.LASF17:
 1517 09d1 75696E74 		.ascii	"uint8_t\000"
 1517      385F7400 
 1518              	.LASF94:
 1519 09d9 63707573 		.ascii	"cpussCm4StatusOffset\000"
 1519      73436D34 
 1519      53746174 
 1519      75734F66 
 1519      66736574 
 1520              	.LASF87:
 1521 09ee 6770696F 		.ascii	"gpioPrtIntrCfgOffset\000"
 1521      50727449 
 1521      6E747243 
 1521      66674F66 
 1521      66736574 
 1522              	.LASF98:
 1523 0a03 63707573 		.ascii	"cpussTrimRomCtlOffset\000"
 1523      73547269 
 1523      6D526F6D 
 1523      43746C4F 
 1523      66667365 
 1524              	.LASF111:
 1525 0a19 62644861 		.ascii	"bdHandle\000"
 1525      6E646C65 
 1525      00
 1526              	.LASF48:
 1527 0a22 73727373 		.ascii	"srssNumClkpath\000"
 1527      4E756D43 
 1527      6C6B7061 
 1527      746800
 1528              	.LASF34:
 1529 0a31 64775665 		.ascii	"dwVersion\000"
 1529      7273696F 
 1529      6E00
 1530              	.LASF30:
 1531 0a3b 69706342 		.ascii	"ipcBase\000"
 1531      61736500 
 1532              	.LASF81:
 1533 0a43 70657269 		.ascii	"periDivCmdPaDivSelPos\000"
 1533      44697643 
ARM GAS  C:\Users\49148\AppData\Local\Temp\ccJjr7SL.s 			page 36


 1533      6D645061 
 1533      44697653 
 1533      656C506F 
 1534              	.LASF62:
 1535 0a59 666C6173 		.ascii	"flashProgramDelay\000"
 1535      6850726F 
 1535      6772616D 
 1535      44656C61 
 1535      7900
 1536              	.LASF121:
 1537 0a6b 43595F42 		.ascii	"CY_BLE_CONN_STATE_CLIENT_DISCONNECTED_DISCOVERED\000"
 1537      4C455F43 
 1537      4F4E4E5F 
 1537      53544154 
 1537      455F434C 
 1538              	.LASF59:
 1539 0a9c 666C6173 		.ascii	"flashRwwRequired\000"
 1539      68527777 
 1539      52657175 
 1539      69726564 
 1539      00
 1540              		.ident	"GCC: (GNU Tools for ARM Embedded Processors) 5.4.1 20160609 (release) [ARM/embedded-5-bran
