ARM GAS  C:\Users\49148\AppData\Local\Temp\ccEV7uUk.s 			page 1


   1              		.syntax unified
   2              		.cpu cortex-m4
   3              		.eabi_attribute 27, 1
   4              		.fpu fpv4-sp-d16
   5              		.eabi_attribute 20, 1
   6              		.eabi_attribute 21, 1
   7              		.eabi_attribute 23, 3
   8              		.eabi_attribute 24, 1
   9              		.eabi_attribute 25, 1
  10              		.eabi_attribute 26, 1
  11              		.eabi_attribute 30, 6
  12              		.eabi_attribute 34, 1
  13              		.eabi_attribute 18, 4
  14              		.thumb
  15              		.syntax unified
  16              		.file	"heartRate.c"
  17              		.text
  18              	.Ltext0:
  19              		.cfi_sections	.debug_frame
  20              		.section	.rodata
  21              		.align	2
  22              		.type	FIRCoeffs, %object
  23              		.size	FIRCoeffs, 24
  24              	FIRCoeffs:
  25 0000 AC00     		.short	172
  26 0002 4101     		.short	321
  27 0004 4302     		.short	579
  28 0006 9F03     		.short	927
  29 0008 5005     		.short	1360
  30 000a 4207     		.short	1858
  31 000c 5609     		.short	2390
  32 000e 640B     		.short	2916
  33 0010 3F0D     		.short	3391
  34 0012 B80E     		.short	3768
  35 0014 AC0F     		.short	4012
  36 0016 0010     		.short	4096
  37              		.global	IR_AC_Max
  38              		.data
  39              		.align	1
  40              		.type	IR_AC_Max, %object
  41              		.size	IR_AC_Max, 2
  42              	IR_AC_Max:
  43 0000 1400     		.short	20
  44              		.global	IR_AC_Min
  45              		.align	1
  46              		.type	IR_AC_Min, %object
  47              		.size	IR_AC_Min, 2
  48              	IR_AC_Min:
  49 0002 ECFF     		.short	-20
  50              		.global	IR_AC_Signal_Current
  51              		.bss
  52              		.align	1
  53              		.type	IR_AC_Signal_Current, %object
  54              		.size	IR_AC_Signal_Current, 2
  55              	IR_AC_Signal_Current:
  56 0000 0000     		.space	2
  57              		.comm	IR_AC_Signal_Previous,2,2
ARM GAS  C:\Users\49148\AppData\Local\Temp\ccEV7uUk.s 			page 2


  58              		.global	IR_AC_Signal_min
  59              		.align	1
  60              		.type	IR_AC_Signal_min, %object
  61              		.size	IR_AC_Signal_min, 2
  62              	IR_AC_Signal_min:
  63 0002 0000     		.space	2
  64              		.global	IR_AC_Signal_max
  65              		.align	1
  66              		.type	IR_AC_Signal_max, %object
  67              		.size	IR_AC_Signal_max, 2
  68              	IR_AC_Signal_max:
  69 0004 0000     		.space	2
  70              		.comm	IR_Average_Estimated,2,2
  71              		.global	positiveEdge
  72              		.align	1
  73              		.type	positiveEdge, %object
  74              		.size	positiveEdge, 2
  75              	positiveEdge:
  76 0006 0000     		.space	2
  77              		.global	negativeEdge
  78              		.align	1
  79              		.type	negativeEdge, %object
  80              		.size	negativeEdge, 2
  81              	negativeEdge:
  82 0008 0000     		.space	2
  83              		.global	ir_avg_reg
  84 000a 0000     		.align	2
  85              		.type	ir_avg_reg, %object
  86              		.size	ir_avg_reg, 4
  87              	ir_avg_reg:
  88 000c 00000000 		.space	4
  89              		.comm	cbuf,64,4
  90              		.global	offset
  91              		.type	offset, %object
  92              		.size	offset, 1
  93              	offset:
  94 0010 00       		.space	1
  95              		.section	.text.checkForBeat,"ax",%progbits
  96              		.align	2
  97              		.global	checkForBeat
  98              		.thumb
  99              		.thumb_func
 100              		.type	checkForBeat, %function
 101              	checkForBeat:
 102              	.LFB0:
 103              		.file 1 "heartRate.c"
   1:heartRate.c   **** /**
   2:heartRate.c   ****  *   @file    heartRate.c
   3:heartRate.c   ****  *   @author  Vlad-Eusebiu Baciu
   4:heartRate.c   ****  *   @brief   MAX30105 library for HR computation
   5:heartRate.c   ****  *   @details MAX30105 library for HR computation ported to C and PSOC6 project.
   6:heartRate.c   ****  *            
   7:heartRate.c   ****  */
   8:heartRate.c   **** 
   9:heartRate.c   **** /*=================================================================================================
  10:heartRate.c   ****  *
  11:heartRate.c   ****  *   Copyright (c) 2016 SparkFun Electronics
ARM GAS  C:\Users\49148\AppData\Local\Temp\ccEV7uUk.s 			page 3


  12:heartRate.c   ****  *   THE SOFTWARE IS PROVIDED "AS IS", WITHOUT WARRANTY OF ANY KIND, EXPRESS OR IMPLIED, 
  13:heartRate.c   ****  *   INCLUDING BUT NOT LIMITED TO THE WARRANTIES OF MERCHANTABILITY, FITNESS FOR A PARTICULAR 
  14:heartRate.c   ****  *   PURPOSE AND NONINFRINGEMENT. IN NO EVENT SHALL THE AUTHORS OR COPYRIGHT HOLDERS BE LIABLE FOR 
  15:heartRate.c   ****  *   DAMAGES OR OTHER LIABILITY, WHETHER IN AN ACTION OF CONTRACT, TORT OR OTHERWISE, ARISING FROM,
  16:heartRate.c   ****  *   IN CONNECTION WITH THE SOFTWARE OR THE USE OR OTHER DEALINGS IN THE SOFTWARE.
  17:heartRate.c   ****  *  ==============================================================================================*
  18:heartRate.c   **** 
  19:heartRate.c   **** 
  20:heartRate.c   **** /*=================================================================================================
  21:heartRate.c   ****  *                                        INCLUDE FILES
  22:heartRate.c   ****  * 1) system and project includes
  23:heartRate.c   ****  * 2) needed interfaces from external units
  24:heartRate.c   ****  * 3) internal and external interfaces from this unit
  25:heartRate.c   ****  *  ==============================================================================================*
  26:heartRate.c   **** 
  27:heartRate.c   **** #include "heartRate.h"
  28:heartRate.c   **** 
  29:heartRate.c   **** /*=================================================================================================
  30:heartRate.c   ****  *                          LOCAL TYPEDEFS (STRUCTURES, UNIONS, ENUMS)
  31:heartRate.c   ****  *  ==============================================================================================*
  32:heartRate.c   **** 
  33:heartRate.c   **** 
  34:heartRate.c   **** /*=================================================================================================
  35:heartRate.c   ****  *                                       LOCAL MACROS
  36:heartRate.c   ****  *  ==============================================================================================*
  37:heartRate.c   **** 
  38:heartRate.c   **** 
  39:heartRate.c   **** /*=================================================================================================
  40:heartRate.c   ****  *                                      LOCAL CONSTANTS
  41:heartRate.c   ****  *  ==============================================================================================*
  42:heartRate.c   **** 
  43:heartRate.c   **** static const uint16_t FIRCoeffs[12] = {172, 321, 579, 927, 1360, 1858, 2390, 2916, 3391, 3768, 4012
  44:heartRate.c   **** 
  45:heartRate.c   **** /*=================================================================================================
  46:heartRate.c   ****  *                                      LOCAL VARIABLES
  47:heartRate.c   ****  *  ==============================================================================================*
  48:heartRate.c   **** 
  49:heartRate.c   **** 
  50:heartRate.c   **** /*=================================================================================================
  51:heartRate.c   ****  *                                      GLOBAL CONSTANTS
  52:heartRate.c   ****  *  ==============================================================================================*
  53:heartRate.c   **** 
  54:heartRate.c   **** 
  55:heartRate.c   **** /*=================================================================================================
  56:heartRate.c   ****  *                                      GLOBAL VARIABLES
  57:heartRate.c   ****  *  ==============================================================================================*
  58:heartRate.c   **** int16_t IR_AC_Max = 20;
  59:heartRate.c   **** int16_t IR_AC_Min = -20;
  60:heartRate.c   **** 
  61:heartRate.c   **** int16_t IR_AC_Signal_Current = 0;
  62:heartRate.c   **** int16_t IR_AC_Signal_Previous;
  63:heartRate.c   **** int16_t IR_AC_Signal_min = 0;
  64:heartRate.c   **** int16_t IR_AC_Signal_max = 0;
  65:heartRate.c   **** int16_t IR_Average_Estimated;
  66:heartRate.c   **** 
  67:heartRate.c   **** int16_t positiveEdge = 0;
  68:heartRate.c   **** int16_t negativeEdge = 0;
ARM GAS  C:\Users\49148\AppData\Local\Temp\ccEV7uUk.s 			page 4


  69:heartRate.c   **** int32_t ir_avg_reg = 0;
  70:heartRate.c   **** 
  71:heartRate.c   **** int16_t cbuf[32];
  72:heartRate.c   **** uint8_t offset = 0;
  73:heartRate.c   **** /*=================================================================================================
  74:heartRate.c   ****  *                                   LOCAL FUNCTION PROTOTYPES
  75:heartRate.c   ****  *  ==============================================================================================*
  76:heartRate.c   **** 
  77:heartRate.c   **** /*=================================================================================================
  78:heartRate.c   ****  *                                   GLOBAL FUNCTION PROTOTYPES
  79:heartRate.c   ****  *  ==============================================================================================*
  80:heartRate.c   **** 
  81:heartRate.c   **** /*=================================================================================================
  82:heartRate.c   ****  *                                       LOCAL FUNCTIONS
  83:heartRate.c   ****  *  ==============================================================================================*
  84:heartRate.c   **** 
  85:heartRate.c   **** 
  86:heartRate.c   **** /*=================================================================================================
  87:heartRate.c   ****  *                                       GLOBAL FUNCTIONS
  88:heartRate.c   ****  *  ==============================================================================================*
  89:heartRate.c   **** 
  90:heartRate.c   **** /***************************************************************************
  91:heartRate.c   ****  * Function: checkForBeat    
  92:heartRate.c   ****  *
  93:heartRate.c   ****  * Description: Heart Rate Monitor functions takes a sample value and the 
  94:heartRate.c   ****  *              sample number. Returns true if a beat is detected,
  95:heartRate.c   ****  *              A running average of four samples is recommended for display 
  96:heartRate.c   ****  *              on the screen.
  97:heartRate.c   ****  **************************************************************************/
  98:heartRate.c   **** bool checkForBeat(uint32_t sample)
  99:heartRate.c   **** {
 104              		.loc 1 99 0
 105              		.cfi_startproc
 106              		@ args = 0, pretend = 0, frame = 16
 107              		@ frame_needed = 1, uses_anonymous_args = 0
 108 0000 80B5     		push	{r7, lr}
 109              		.cfi_def_cfa_offset 8
 110              		.cfi_offset 7, -8
 111              		.cfi_offset 14, -4
 112 0002 84B0     		sub	sp, sp, #16
 113              		.cfi_def_cfa_offset 24
 114 0004 00AF     		add	r7, sp, #0
 115              		.cfi_def_cfa_register 7
 116 0006 7860     		str	r0, [r7, #4]
 100:heartRate.c   ****   bool beatDetected = false;
 117              		.loc 1 100 0
 118 0008 0023     		movs	r3, #0
 119 000a FB73     		strb	r3, [r7, #15]
 101:heartRate.c   **** 
 102:heartRate.c   ****   //  Save current state
 103:heartRate.c   ****   IR_AC_Signal_Previous = IR_AC_Signal_Current;
 120              		.loc 1 103 0
 121 000c 574B     		ldr	r3, .L7
 122 000e B3F90020 		ldrsh	r2, [r3]
 123 0012 574B     		ldr	r3, .L7+4
 124 0014 1A80     		strh	r2, [r3]	@ movhi
 104:heartRate.c   ****   
ARM GAS  C:\Users\49148\AppData\Local\Temp\ccEV7uUk.s 			page 5


 105:heartRate.c   ****   //This is good to view for debugging
 106:heartRate.c   ****   //Serial.print("Signal_Current: ");
 107:heartRate.c   ****   //Serial.println(IR_AC_Signal_Current);
 108:heartRate.c   **** 
 109:heartRate.c   ****   //  Process next data sample
 110:heartRate.c   ****   IR_Average_Estimated = averageDCEstimator(&ir_avg_reg, sample);
 125              		.loc 1 110 0
 126 0016 7B68     		ldr	r3, [r7, #4]
 127 0018 9BB2     		uxth	r3, r3
 128 001a 1946     		mov	r1, r3
 129 001c 5548     		ldr	r0, .L7+8
 130 001e FFF7FEFF 		bl	averageDCEstimator
 131 0022 0346     		mov	r3, r0
 132 0024 1A46     		mov	r2, r3
 133 0026 544B     		ldr	r3, .L7+12
 134 0028 1A80     		strh	r2, [r3]	@ movhi
 111:heartRate.c   ****   IR_AC_Signal_Current = (sample - IR_Average_Estimated);
 135              		.loc 1 111 0
 136 002a 7B68     		ldr	r3, [r7, #4]
 137 002c 9AB2     		uxth	r2, r3
 138 002e 524B     		ldr	r3, .L7+12
 139 0030 B3F90030 		ldrsh	r3, [r3]
 140 0034 9BB2     		uxth	r3, r3
 141 0036 D31A     		subs	r3, r2, r3
 142 0038 9BB2     		uxth	r3, r3
 143 003a 1AB2     		sxth	r2, r3
 144 003c 4B4B     		ldr	r3, .L7
 145 003e 1A80     		strh	r2, [r3]	@ movhi
 112:heartRate.c   **** 
 113:heartRate.c   ****   //  Detect positive zero crossing (rising edge)
 114:heartRate.c   ****   if ((IR_AC_Signal_Previous < 0) & (IR_AC_Signal_Current >= 0))
 146              		.loc 1 114 0
 147 0040 4B4B     		ldr	r3, .L7+4
 148 0042 B3F90030 		ldrsh	r3, [r3]
 149 0046 9BB2     		uxth	r3, r3
 150 0048 DB0B     		lsrs	r3, r3, #15
 151 004a DAB2     		uxtb	r2, r3
 152 004c 474B     		ldr	r3, .L7
 153 004e B3F90030 		ldrsh	r3, [r3]
 154 0052 DB43     		mvns	r3, r3
 155 0054 9BB2     		uxth	r3, r3
 156 0056 DB0B     		lsrs	r3, r3, #15
 157 0058 DBB2     		uxtb	r3, r3
 158 005a 1340     		ands	r3, r3, r2
 159 005c DBB2     		uxtb	r3, r3
 160 005e 002B     		cmp	r3, #0
 161 0060 34D0     		beq	.L2
 115:heartRate.c   ****   {
 116:heartRate.c   ****   
 117:heartRate.c   ****     IR_AC_Max = IR_AC_Signal_max; //Adjust our AC max and min
 162              		.loc 1 117 0
 163 0062 464B     		ldr	r3, .L7+16
 164 0064 B3F90020 		ldrsh	r2, [r3]
 165 0068 454B     		ldr	r3, .L7+20
 166 006a 1A80     		strh	r2, [r3]	@ movhi
 118:heartRate.c   ****     IR_AC_Min = IR_AC_Signal_min;
 167              		.loc 1 118 0
ARM GAS  C:\Users\49148\AppData\Local\Temp\ccEV7uUk.s 			page 6


 168 006c 454B     		ldr	r3, .L7+24
 169 006e B3F90020 		ldrsh	r2, [r3]
 170 0072 454B     		ldr	r3, .L7+28
 171 0074 1A80     		strh	r2, [r3]	@ movhi
 119:heartRate.c   **** 
 120:heartRate.c   ****     positiveEdge = 1;
 172              		.loc 1 120 0
 173 0076 454B     		ldr	r3, .L7+32
 174 0078 0122     		movs	r2, #1
 175 007a 1A80     		strh	r2, [r3]	@ movhi
 121:heartRate.c   ****     negativeEdge = 0;
 176              		.loc 1 121 0
 177 007c 444B     		ldr	r3, .L7+36
 178 007e 0022     		movs	r2, #0
 179 0080 1A80     		strh	r2, [r3]	@ movhi
 122:heartRate.c   ****     IR_AC_Signal_max = 0;
 180              		.loc 1 122 0
 181 0082 3E4B     		ldr	r3, .L7+16
 182 0084 0022     		movs	r2, #0
 183 0086 1A80     		strh	r2, [r3]	@ movhi
 123:heartRate.c   **** 
 124:heartRate.c   ****     //if ((IR_AC_Max - IR_AC_Min) > 100 & (IR_AC_Max - IR_AC_Min) < 1000)
 125:heartRate.c   ****     if (((IR_AC_Max - IR_AC_Min) > 20) & ((IR_AC_Max - IR_AC_Min) < 1000))
 184              		.loc 1 125 0
 185 0088 3D4B     		ldr	r3, .L7+20
 186 008a B3F90030 		ldrsh	r3, [r3]
 187 008e 1A46     		mov	r2, r3
 188 0090 3D4B     		ldr	r3, .L7+28
 189 0092 B3F90030 		ldrsh	r3, [r3]
 190 0096 D31A     		subs	r3, r2, r3
 191 0098 142B     		cmp	r3, #20
 192 009a CCBF     		ite	gt
 193 009c 0123     		movgt	r3, #1
 194 009e 0023     		movle	r3, #0
 195 00a0 DAB2     		uxtb	r2, r3
 196 00a2 374B     		ldr	r3, .L7+20
 197 00a4 B3F90030 		ldrsh	r3, [r3]
 198 00a8 1946     		mov	r1, r3
 199 00aa 374B     		ldr	r3, .L7+28
 200 00ac B3F90030 		ldrsh	r3, [r3]
 201 00b0 CB1A     		subs	r3, r1, r3
 202 00b2 40F2E731 		movw	r1, #999
 203 00b6 8B42     		cmp	r3, r1
 204 00b8 D4BF     		ite	le
 205 00ba 0123     		movle	r3, #1
 206 00bc 0023     		movgt	r3, #0
 207 00be DBB2     		uxtb	r3, r3
 208 00c0 1340     		ands	r3, r3, r2
 209 00c2 DBB2     		uxtb	r3, r3
 210 00c4 002B     		cmp	r3, #0
 211 00c6 01D0     		beq	.L2
 126:heartRate.c   ****     {
 127:heartRate.c   ****       //Heart beat!!!
 128:heartRate.c   ****       beatDetected = true;
 212              		.loc 1 128 0
 213 00c8 0123     		movs	r3, #1
 214 00ca FB73     		strb	r3, [r7, #15]
ARM GAS  C:\Users\49148\AppData\Local\Temp\ccEV7uUk.s 			page 7


 215              	.L2:
 129:heartRate.c   ****     }
 130:heartRate.c   ****   }
 131:heartRate.c   **** 
 132:heartRate.c   ****   //  Detect negative zero crossing (falling edge)
 133:heartRate.c   ****   if ((IR_AC_Signal_Previous > 0) & (IR_AC_Signal_Current <= 0))
 216              		.loc 1 133 0
 217 00cc 284B     		ldr	r3, .L7+4
 218 00ce B3F90030 		ldrsh	r3, [r3]
 219 00d2 002B     		cmp	r3, #0
 220 00d4 CCBF     		ite	gt
 221 00d6 0123     		movgt	r3, #1
 222 00d8 0023     		movle	r3, #0
 223 00da DAB2     		uxtb	r2, r3
 224 00dc 234B     		ldr	r3, .L7
 225 00de B3F90030 		ldrsh	r3, [r3]
 226 00e2 002B     		cmp	r3, #0
 227 00e4 D4BF     		ite	le
 228 00e6 0123     		movle	r3, #1
 229 00e8 0023     		movgt	r3, #0
 230 00ea DBB2     		uxtb	r3, r3
 231 00ec 1340     		ands	r3, r3, r2
 232 00ee DBB2     		uxtb	r3, r3
 233 00f0 002B     		cmp	r3, #0
 234 00f2 08D0     		beq	.L3
 134:heartRate.c   ****   {
 135:heartRate.c   ****     positiveEdge = 0;
 235              		.loc 1 135 0
 236 00f4 254B     		ldr	r3, .L7+32
 237 00f6 0022     		movs	r2, #0
 238 00f8 1A80     		strh	r2, [r3]	@ movhi
 136:heartRate.c   ****     negativeEdge = 1;
 239              		.loc 1 136 0
 240 00fa 254B     		ldr	r3, .L7+36
 241 00fc 0122     		movs	r2, #1
 242 00fe 1A80     		strh	r2, [r3]	@ movhi
 137:heartRate.c   ****     IR_AC_Signal_min = 0;
 243              		.loc 1 137 0
 244 0100 204B     		ldr	r3, .L7+24
 245 0102 0022     		movs	r2, #0
 246 0104 1A80     		strh	r2, [r3]	@ movhi
 247              	.L3:
 138:heartRate.c   ****   }
 139:heartRate.c   **** 
 140:heartRate.c   ****   //  Find Maximum value in positive cycle
 141:heartRate.c   ****   if (positiveEdge & (IR_AC_Signal_Current > IR_AC_Signal_Previous))
 248              		.loc 1 141 0
 249 0106 214B     		ldr	r3, .L7+32
 250 0108 B3F90030 		ldrsh	r3, [r3]
 251 010c 1946     		mov	r1, r3
 252 010e 174B     		ldr	r3, .L7
 253 0110 B3F90020 		ldrsh	r2, [r3]
 254 0114 164B     		ldr	r3, .L7+4
 255 0116 B3F90030 		ldrsh	r3, [r3]
 256 011a 9A42     		cmp	r2, r3
 257 011c CCBF     		ite	gt
 258 011e 0123     		movgt	r3, #1
ARM GAS  C:\Users\49148\AppData\Local\Temp\ccEV7uUk.s 			page 8


 259 0120 0023     		movle	r3, #0
 260 0122 DBB2     		uxtb	r3, r3
 261 0124 0B40     		ands	r3, r3, r1
 262 0126 002B     		cmp	r3, #0
 263 0128 04D0     		beq	.L4
 142:heartRate.c   ****   {
 143:heartRate.c   ****     IR_AC_Signal_max = IR_AC_Signal_Current;
 264              		.loc 1 143 0
 265 012a 104B     		ldr	r3, .L7
 266 012c B3F90020 		ldrsh	r2, [r3]
 267 0130 124B     		ldr	r3, .L7+16
 268 0132 1A80     		strh	r2, [r3]	@ movhi
 269              	.L4:
 144:heartRate.c   ****   }
 145:heartRate.c   **** 
 146:heartRate.c   ****   //  Find Minimum value in negative cycle
 147:heartRate.c   ****   if (negativeEdge & (IR_AC_Signal_Current < IR_AC_Signal_Previous))
 270              		.loc 1 147 0
 271 0134 164B     		ldr	r3, .L7+36
 272 0136 B3F90030 		ldrsh	r3, [r3]
 273 013a 1946     		mov	r1, r3
 274 013c 0B4B     		ldr	r3, .L7
 275 013e B3F90020 		ldrsh	r2, [r3]
 276 0142 0B4B     		ldr	r3, .L7+4
 277 0144 B3F90030 		ldrsh	r3, [r3]
 278 0148 9A42     		cmp	r2, r3
 279 014a B4BF     		ite	lt
 280 014c 0123     		movlt	r3, #1
 281 014e 0023     		movge	r3, #0
 282 0150 DBB2     		uxtb	r3, r3
 283 0152 0B40     		ands	r3, r3, r1
 284 0154 002B     		cmp	r3, #0
 285 0156 04D0     		beq	.L5
 148:heartRate.c   ****   {
 149:heartRate.c   ****     IR_AC_Signal_min = IR_AC_Signal_Current;
 286              		.loc 1 149 0
 287 0158 044B     		ldr	r3, .L7
 288 015a B3F90020 		ldrsh	r2, [r3]
 289 015e 094B     		ldr	r3, .L7+24
 290 0160 1A80     		strh	r2, [r3]	@ movhi
 291              	.L5:
 150:heartRate.c   ****   }
 151:heartRate.c   ****   
 152:heartRate.c   ****   return(beatDetected);
 292              		.loc 1 152 0
 293 0162 FB7B     		ldrb	r3, [r7, #15]	@ zero_extendqisi2
 153:heartRate.c   **** }
 294              		.loc 1 153 0
 295 0164 1846     		mov	r0, r3
 296 0166 1037     		adds	r7, r7, #16
 297              		.cfi_def_cfa_offset 8
 298 0168 BD46     		mov	sp, r7
 299              		.cfi_def_cfa_register 13
 300              		@ sp needed
 301 016a 80BD     		pop	{r7, pc}
 302              	.L8:
 303              		.align	2
ARM GAS  C:\Users\49148\AppData\Local\Temp\ccEV7uUk.s 			page 9


 304              	.L7:
 305 016c 00000000 		.word	IR_AC_Signal_Current
 306 0170 00000000 		.word	IR_AC_Signal_Previous
 307 0174 00000000 		.word	ir_avg_reg
 308 0178 00000000 		.word	IR_Average_Estimated
 309 017c 00000000 		.word	IR_AC_Signal_max
 310 0180 00000000 		.word	IR_AC_Max
 311 0184 00000000 		.word	IR_AC_Signal_min
 312 0188 00000000 		.word	IR_AC_Min
 313 018c 00000000 		.word	positiveEdge
 314 0190 00000000 		.word	negativeEdge
 315              		.cfi_endproc
 316              	.LFE0:
 317              		.size	checkForBeat, .-checkForBeat
 318              		.section	.text.averageDCEstimator,"ax",%progbits
 319              		.align	2
 320              		.global	averageDCEstimator
 321              		.thumb
 322              		.thumb_func
 323              		.type	averageDCEstimator, %function
 324              	averageDCEstimator:
 325              	.LFB1:
 154:heartRate.c   ****   
 155:heartRate.c   **** /***************************************************************************
 156:heartRate.c   ****  * Function: averageDCEstimator    
 157:heartRate.c   ****  *
 158:heartRate.c   ****  * Description: Average DC Estimator
 159:heartRate.c   ****  **************************************************************************/
 160:heartRate.c   **** int16_t averageDCEstimator(int32_t *p, uint16_t x)
 161:heartRate.c   **** {
 326              		.loc 1 161 0
 327              		.cfi_startproc
 328              		@ args = 0, pretend = 0, frame = 8
 329              		@ frame_needed = 1, uses_anonymous_args = 0
 330              		@ link register save eliminated.
 331 0000 80B4     		push	{r7}
 332              		.cfi_def_cfa_offset 4
 333              		.cfi_offset 7, -4
 334 0002 83B0     		sub	sp, sp, #12
 335              		.cfi_def_cfa_offset 16
 336 0004 00AF     		add	r7, sp, #0
 337              		.cfi_def_cfa_register 7
 338 0006 7860     		str	r0, [r7, #4]
 339 0008 0B46     		mov	r3, r1
 340 000a 7B80     		strh	r3, [r7, #2]	@ movhi
 162:heartRate.c   ****   *p += ((((long) x << 15) - *p) >> 4);
 341              		.loc 1 162 0
 342 000c 7B68     		ldr	r3, [r7, #4]
 343 000e 1A68     		ldr	r2, [r3]
 344 0010 7B88     		ldrh	r3, [r7, #2]
 345 0012 D903     		lsls	r1, r3, #15
 346 0014 7B68     		ldr	r3, [r7, #4]
 347 0016 1B68     		ldr	r3, [r3]
 348 0018 CB1A     		subs	r3, r1, r3
 349 001a 1B11     		asrs	r3, r3, #4
 350 001c 1A44     		add	r2, r2, r3
 351 001e 7B68     		ldr	r3, [r7, #4]
ARM GAS  C:\Users\49148\AppData\Local\Temp\ccEV7uUk.s 			page 10


 352 0020 1A60     		str	r2, [r3]
 163:heartRate.c   ****   return (*p >> 15);
 353              		.loc 1 163 0
 354 0022 7B68     		ldr	r3, [r7, #4]
 355 0024 1B68     		ldr	r3, [r3]
 356 0026 DB13     		asrs	r3, r3, #15
 357 0028 1BB2     		sxth	r3, r3
 164:heartRate.c   **** }
 358              		.loc 1 164 0
 359 002a 1846     		mov	r0, r3
 360 002c 0C37     		adds	r7, r7, #12
 361              		.cfi_def_cfa_offset 4
 362 002e BD46     		mov	sp, r7
 363              		.cfi_def_cfa_register 13
 364              		@ sp needed
 365 0030 5DF8047B 		ldr	r7, [sp], #4
 366              		.cfi_restore 7
 367              		.cfi_def_cfa_offset 0
 368 0034 7047     		bx	lr
 369              		.cfi_endproc
 370              	.LFE1:
 371              		.size	averageDCEstimator, .-averageDCEstimator
 372 0036 00BF     		.section	.text.lowPassFIRFilter,"ax",%progbits
 373              		.align	2
 374              		.global	lowPassFIRFilter
 375              		.thumb
 376              		.thumb_func
 377              		.type	lowPassFIRFilter, %function
 378              	lowPassFIRFilter:
 379              	.LFB2:
 165:heartRate.c   **** 
 166:heartRate.c   **** /***************************************************************************
 167:heartRate.c   ****  * Function: lowPassFIRFilter    
 168:heartRate.c   ****  *
 169:heartRate.c   ****  * Description: Low Pass FIR Filter
 170:heartRate.c   ****  **************************************************************************/
 171:heartRate.c   **** int16_t lowPassFIRFilter(int16_t din)
 172:heartRate.c   **** {  
 380              		.loc 1 172 0
 381              		.cfi_startproc
 382              		@ args = 0, pretend = 0, frame = 16
 383              		@ frame_needed = 1, uses_anonymous_args = 0
 384 0000 80B5     		push	{r7, lr}
 385              		.cfi_def_cfa_offset 8
 386              		.cfi_offset 7, -8
 387              		.cfi_offset 14, -4
 388 0002 84B0     		sub	sp, sp, #16
 389              		.cfi_def_cfa_offset 24
 390 0004 00AF     		add	r7, sp, #0
 391              		.cfi_def_cfa_register 7
 392 0006 0346     		mov	r3, r0
 393 0008 FB80     		strh	r3, [r7, #6]	@ movhi
 173:heartRate.c   ****   cbuf[offset] = din;
 394              		.loc 1 173 0
 395 000a 2C4B     		ldr	r3, .L15
 396 000c 1B78     		ldrb	r3, [r3]	@ zero_extendqisi2
 397 000e 1946     		mov	r1, r3
ARM GAS  C:\Users\49148\AppData\Local\Temp\ccEV7uUk.s 			page 11


 398 0010 2B4A     		ldr	r2, .L15+4
 399 0012 FB88     		ldrh	r3, [r7, #6]	@ movhi
 400 0014 22F81130 		strh	r3, [r2, r1, lsl #1]	@ movhi
 174:heartRate.c   **** 
 175:heartRate.c   ****   int32_t z = mul16(FIRCoeffs[11], cbuf[(offset - 11) & 0x1F]);
 401              		.loc 1 175 0
 402 0018 4FF48053 		mov	r3, #4096
 403 001c 18B2     		sxth	r0, r3
 404 001e 274B     		ldr	r3, .L15
 405 0020 1B78     		ldrb	r3, [r3]	@ zero_extendqisi2
 406 0022 0B3B     		subs	r3, r3, #11
 407 0024 03F01F03 		and	r3, r3, #31
 408 0028 254A     		ldr	r2, .L15+4
 409 002a 32F91330 		ldrsh	r3, [r2, r3, lsl #1]
 410 002e 1946     		mov	r1, r3
 411 0030 FFF7FEFF 		bl	mul16
 412 0034 F860     		str	r0, [r7, #12]
 413              	.LBB2:
 176:heartRate.c   ****   
 177:heartRate.c   ****   for (uint8_t i = 0 ; i < 11 ; i++)
 414              		.loc 1 177 0
 415 0036 0023     		movs	r3, #0
 416 0038 FB72     		strb	r3, [r7, #11]
 417 003a 28E0     		b	.L12
 418              	.L13:
 178:heartRate.c   ****   {
 179:heartRate.c   ****     z += mul16(FIRCoeffs[i], cbuf[(offset - i) & 0x1F] + cbuf[(offset - 22 + i) & 0x1F]);
 419              		.loc 1 179 0 discriminator 3
 420 003c FB7A     		ldrb	r3, [r7, #11]	@ zero_extendqisi2
 421 003e 214A     		ldr	r2, .L15+8
 422 0040 32F81330 		ldrh	r3, [r2, r3, lsl #1]
 423 0044 18B2     		sxth	r0, r3
 424 0046 1D4B     		ldr	r3, .L15
 425 0048 1B78     		ldrb	r3, [r3]	@ zero_extendqisi2
 426 004a 1A46     		mov	r2, r3
 427 004c FB7A     		ldrb	r3, [r7, #11]	@ zero_extendqisi2
 428 004e D31A     		subs	r3, r2, r3
 429 0050 03F01F03 		and	r3, r3, #31
 430 0054 1A4A     		ldr	r2, .L15+4
 431 0056 32F91330 		ldrsh	r3, [r2, r3, lsl #1]
 432 005a 9AB2     		uxth	r2, r3
 433 005c 174B     		ldr	r3, .L15
 434 005e 1B78     		ldrb	r3, [r3]	@ zero_extendqisi2
 435 0060 A3F11601 		sub	r1, r3, #22
 436 0064 FB7A     		ldrb	r3, [r7, #11]	@ zero_extendqisi2
 437 0066 0B44     		add	r3, r3, r1
 438 0068 03F01F03 		and	r3, r3, #31
 439 006c 1449     		ldr	r1, .L15+4
 440 006e 31F91330 		ldrsh	r3, [r1, r3, lsl #1]
 441 0072 9BB2     		uxth	r3, r3
 442 0074 1344     		add	r3, r3, r2
 443 0076 9BB2     		uxth	r3, r3
 444 0078 1BB2     		sxth	r3, r3
 445 007a 1946     		mov	r1, r3
 446 007c FFF7FEFF 		bl	mul16
 447 0080 0246     		mov	r2, r0
 448 0082 FB68     		ldr	r3, [r7, #12]
ARM GAS  C:\Users\49148\AppData\Local\Temp\ccEV7uUk.s 			page 12


 449 0084 1344     		add	r3, r3, r2
 450 0086 FB60     		str	r3, [r7, #12]
 177:heartRate.c   ****   {
 451              		.loc 1 177 0 discriminator 3
 452 0088 FB7A     		ldrb	r3, [r7, #11]	@ zero_extendqisi2
 453 008a 0133     		adds	r3, r3, #1
 454 008c FB72     		strb	r3, [r7, #11]
 455              	.L12:
 177:heartRate.c   ****   {
 456              		.loc 1 177 0 is_stmt 0 discriminator 1
 457 008e FB7A     		ldrb	r3, [r7, #11]	@ zero_extendqisi2
 458 0090 0A2B     		cmp	r3, #10
 459 0092 D3D9     		bls	.L13
 460              	.LBE2:
 180:heartRate.c   ****   }
 181:heartRate.c   **** 
 182:heartRate.c   ****   offset++;
 461              		.loc 1 182 0 is_stmt 1
 462 0094 094B     		ldr	r3, .L15
 463 0096 1B78     		ldrb	r3, [r3]	@ zero_extendqisi2
 464 0098 0133     		adds	r3, r3, #1
 465 009a DAB2     		uxtb	r2, r3
 466 009c 074B     		ldr	r3, .L15
 467 009e 1A70     		strb	r2, [r3]
 183:heartRate.c   ****   offset %= 32; //Wrap condition
 468              		.loc 1 183 0
 469 00a0 064B     		ldr	r3, .L15
 470 00a2 1B78     		ldrb	r3, [r3]	@ zero_extendqisi2
 471 00a4 03F01F03 		and	r3, r3, #31
 472 00a8 DAB2     		uxtb	r2, r3
 473 00aa 044B     		ldr	r3, .L15
 474 00ac 1A70     		strb	r2, [r3]
 184:heartRate.c   **** 
 185:heartRate.c   ****   return(z >> 15);
 475              		.loc 1 185 0
 476 00ae FB68     		ldr	r3, [r7, #12]
 477 00b0 DB13     		asrs	r3, r3, #15
 478 00b2 1BB2     		sxth	r3, r3
 186:heartRate.c   **** }
 479              		.loc 1 186 0
 480 00b4 1846     		mov	r0, r3
 481 00b6 1037     		adds	r7, r7, #16
 482              		.cfi_def_cfa_offset 8
 483 00b8 BD46     		mov	sp, r7
 484              		.cfi_def_cfa_register 13
 485              		@ sp needed
 486 00ba 80BD     		pop	{r7, pc}
 487              	.L16:
 488              		.align	2
 489              	.L15:
 490 00bc 00000000 		.word	offset
 491 00c0 00000000 		.word	cbuf
 492 00c4 00000000 		.word	FIRCoeffs
 493              		.cfi_endproc
 494              	.LFE2:
 495              		.size	lowPassFIRFilter, .-lowPassFIRFilter
 496              		.section	.text.mul16,"ax",%progbits
ARM GAS  C:\Users\49148\AppData\Local\Temp\ccEV7uUk.s 			page 13


 497              		.align	2
 498              		.global	mul16
 499              		.thumb
 500              		.thumb_func
 501              		.type	mul16, %function
 502              	mul16:
 503              	.LFB3:
 187:heartRate.c   **** 
 188:heartRate.c   **** /***************************************************************************
 189:heartRate.c   ****  * Function: mul16    
 190:heartRate.c   ****  *
 191:heartRate.c   ****  * Description: Integer multiplier
 192:heartRate.c   ****  **************************************************************************/
 193:heartRate.c   **** int32_t mul16(int16_t x, int16_t y)
 194:heartRate.c   **** {
 504              		.loc 1 194 0
 505              		.cfi_startproc
 506              		@ args = 0, pretend = 0, frame = 8
 507              		@ frame_needed = 1, uses_anonymous_args = 0
 508              		@ link register save eliminated.
 509 0000 80B4     		push	{r7}
 510              		.cfi_def_cfa_offset 4
 511              		.cfi_offset 7, -4
 512 0002 83B0     		sub	sp, sp, #12
 513              		.cfi_def_cfa_offset 16
 514 0004 00AF     		add	r7, sp, #0
 515              		.cfi_def_cfa_register 7
 516 0006 0346     		mov	r3, r0
 517 0008 0A46     		mov	r2, r1
 518 000a FB80     		strh	r3, [r7, #6]	@ movhi
 519 000c 1346     		mov	r3, r2	@ movhi
 520 000e BB80     		strh	r3, [r7, #4]	@ movhi
 195:heartRate.c   ****   return((long)x * (long)y);
 521              		.loc 1 195 0
 522 0010 B7F90630 		ldrsh	r3, [r7, #6]
 523 0014 B7F90420 		ldrsh	r2, [r7, #4]
 524 0018 02FB03F3 		mul	r3, r2, r3
 196:heartRate.c   **** }
 525              		.loc 1 196 0
 526 001c 1846     		mov	r0, r3
 527 001e 0C37     		adds	r7, r7, #12
 528              		.cfi_def_cfa_offset 4
 529 0020 BD46     		mov	sp, r7
 530              		.cfi_def_cfa_register 13
 531              		@ sp needed
 532 0022 5DF8047B 		ldr	r7, [sp], #4
 533              		.cfi_restore 7
 534              		.cfi_def_cfa_offset 0
 535 0026 7047     		bx	lr
 536              		.cfi_endproc
 537              	.LFE3:
 538              		.size	mul16, .-mul16
 539              		.text
 540              	.Letext0:
 541              		.file 2 "d:\\psoc_jingyi\\psoc creator\\4.4\\psoc creator\\import\\gnu\\arm\\5.4.1\\arm-none-eabi\
 542              		.file 3 "d:\\psoc_jingyi\\psoc creator\\4.4\\psoc creator\\import\\gnu\\arm\\5.4.1\\arm-none-eabi\
 543              		.section	.debug_info,"",%progbits
ARM GAS  C:\Users\49148\AppData\Local\Temp\ccEV7uUk.s 			page 14


 544              	.Ldebug_info0:
 545 0000 F1020000 		.4byte	0x2f1
 546 0004 0400     		.2byte	0x4
 547 0006 00000000 		.4byte	.Ldebug_abbrev0
 548 000a 04       		.byte	0x4
 549 000b 01       		.uleb128 0x1
 550 000c 03010000 		.4byte	.LASF44
 551 0010 0C       		.byte	0xc
 552 0011 78020000 		.4byte	.LASF45
 553 0015 91000000 		.4byte	.LASF46
 554 0019 00000000 		.4byte	.Ldebug_ranges0+0
 555 001d 00000000 		.4byte	0
 556 0021 00000000 		.4byte	.Ldebug_line0
 557 0025 02       		.uleb128 0x2
 558 0026 01       		.byte	0x1
 559 0027 06       		.byte	0x6
 560 0028 C4020000 		.4byte	.LASF0
 561 002c 03       		.uleb128 0x3
 562 002d 00000000 		.4byte	.LASF2
 563 0031 02       		.byte	0x2
 564 0032 1D       		.byte	0x1d
 565 0033 37000000 		.4byte	0x37
 566 0037 02       		.uleb128 0x2
 567 0038 01       		.byte	0x1
 568 0039 08       		.byte	0x8
 569 003a 70000000 		.4byte	.LASF1
 570 003e 03       		.uleb128 0x3
 571 003f E8010000 		.4byte	.LASF3
 572 0043 02       		.byte	0x2
 573 0044 29       		.byte	0x29
 574 0045 49000000 		.4byte	0x49
 575 0049 02       		.uleb128 0x2
 576 004a 02       		.byte	0x2
 577 004b 05       		.byte	0x5
 578 004c 84020000 		.4byte	.LASF4
 579 0050 03       		.uleb128 0x3
 580 0051 B6010000 		.4byte	.LASF5
 581 0055 02       		.byte	0x2
 582 0056 2B       		.byte	0x2b
 583 0057 5B000000 		.4byte	0x5b
 584 005b 02       		.uleb128 0x2
 585 005c 02       		.byte	0x2
 586 005d 07       		.byte	0x7
 587 005e DF000000 		.4byte	.LASF6
 588 0062 03       		.uleb128 0x3
 589 0063 1A000000 		.4byte	.LASF7
 590 0067 02       		.byte	0x2
 591 0068 3F       		.byte	0x3f
 592 0069 6D000000 		.4byte	0x6d
 593 006d 02       		.uleb128 0x2
 594 006e 04       		.byte	0x4
 595 006f 05       		.byte	0x5
 596 0070 35000000 		.4byte	.LASF8
 597 0074 03       		.uleb128 0x3
 598 0075 C8010000 		.4byte	.LASF9
 599 0079 02       		.byte	0x2
 600 007a 41       		.byte	0x41
ARM GAS  C:\Users\49148\AppData\Local\Temp\ccEV7uUk.s 			page 15


 601 007b 7F000000 		.4byte	0x7f
 602 007f 02       		.uleb128 0x2
 603 0080 04       		.byte	0x4
 604 0081 07       		.byte	0x7
 605 0082 CD000000 		.4byte	.LASF10
 606 0086 02       		.uleb128 0x2
 607 0087 08       		.byte	0x8
 608 0088 05       		.byte	0x5
 609 0089 44020000 		.4byte	.LASF11
 610 008d 02       		.uleb128 0x2
 611 008e 08       		.byte	0x8
 612 008f 07       		.byte	0x7
 613 0090 0C020000 		.4byte	.LASF12
 614 0094 04       		.uleb128 0x4
 615 0095 04       		.byte	0x4
 616 0096 05       		.byte	0x5
 617 0097 696E7400 		.ascii	"int\000"
 618 009b 02       		.uleb128 0x2
 619 009c 04       		.byte	0x4
 620 009d 07       		.byte	0x7
 621 009e FF010000 		.4byte	.LASF13
 622 00a2 03       		.uleb128 0x3
 623 00a3 23020000 		.4byte	.LASF14
 624 00a7 03       		.byte	0x3
 625 00a8 18       		.byte	0x18
 626 00a9 2C000000 		.4byte	0x2c
 627 00ad 03       		.uleb128 0x3
 628 00ae 2B020000 		.4byte	.LASF15
 629 00b2 03       		.byte	0x3
 630 00b3 20       		.byte	0x20
 631 00b4 3E000000 		.4byte	0x3e
 632 00b8 03       		.uleb128 0x3
 633 00b9 8E020000 		.4byte	.LASF16
 634 00bd 03       		.byte	0x3
 635 00be 24       		.byte	0x24
 636 00bf 50000000 		.4byte	0x50
 637 00c3 03       		.uleb128 0x3
 638 00c4 33020000 		.4byte	.LASF17
 639 00c8 03       		.byte	0x3
 640 00c9 2C       		.byte	0x2c
 641 00ca 62000000 		.4byte	0x62
 642 00ce 03       		.uleb128 0x3
 643 00cf 97020000 		.4byte	.LASF18
 644 00d3 03       		.byte	0x3
 645 00d4 30       		.byte	0x30
 646 00d5 74000000 		.4byte	0x74
 647 00d9 02       		.uleb128 0x2
 648 00da 08       		.byte	0x8
 649 00db 04       		.byte	0x4
 650 00dc A7020000 		.4byte	.LASF19
 651 00e0 02       		.uleb128 0x2
 652 00e1 04       		.byte	0x4
 653 00e2 07       		.byte	0x7
 654 00e3 3B020000 		.4byte	.LASF20
 655 00e7 02       		.uleb128 0x2
 656 00e8 01       		.byte	0x1
 657 00e9 08       		.byte	0x8
ARM GAS  C:\Users\49148\AppData\Local\Temp\ccEV7uUk.s 			page 16


 658 00ea 52020000 		.4byte	.LASF21
 659 00ee 02       		.uleb128 0x2
 660 00ef 08       		.byte	0x8
 661 00f0 04       		.byte	0x4
 662 00f1 C1010000 		.4byte	.LASF22
 663 00f5 02       		.uleb128 0x2
 664 00f6 04       		.byte	0x4
 665 00f7 04       		.byte	0x4
 666 00f8 5D000000 		.4byte	.LASF23
 667 00fc 05       		.uleb128 0x5
 668 00fd 63000000 		.4byte	.LASF25
 669 0101 01       		.byte	0x1
 670 0102 62       		.byte	0x62
 671 0103 32010000 		.4byte	0x132
 672 0107 00000000 		.4byte	.LFB0
 673 010b 94010000 		.4byte	.LFE0-.LFB0
 674 010f 01       		.uleb128 0x1
 675 0110 9C       		.byte	0x9c
 676 0111 32010000 		.4byte	0x132
 677 0115 06       		.uleb128 0x6
 678 0116 A0020000 		.4byte	.LASF27
 679 011a 01       		.byte	0x1
 680 011b 62       		.byte	0x62
 681 011c CE000000 		.4byte	0xce
 682 0120 02       		.uleb128 0x2
 683 0121 91       		.byte	0x91
 684 0122 6C       		.sleb128 -20
 685 0123 07       		.uleb128 0x7
 686 0124 F2010000 		.4byte	.LASF29
 687 0128 01       		.byte	0x1
 688 0129 64       		.byte	0x64
 689 012a 32010000 		.4byte	0x132
 690 012e 02       		.uleb128 0x2
 691 012f 91       		.byte	0x91
 692 0130 77       		.sleb128 -9
 693 0131 00       		.byte	0
 694 0132 02       		.uleb128 0x2
 695 0133 01       		.byte	0x1
 696 0134 02       		.byte	0x2
 697 0135 DB020000 		.4byte	.LASF24
 698 0139 08       		.uleb128 0x8
 699 013a 7E000000 		.4byte	.LASF26
 700 013e 01       		.byte	0x1
 701 013f A0       		.byte	0xa0
 702 0140 AD000000 		.4byte	0xad
 703 0144 00000000 		.4byte	.LFB1
 704 0148 36000000 		.4byte	.LFE1-.LFB1
 705 014c 01       		.uleb128 0x1
 706 014d 9C       		.byte	0x9c
 707 014e 6B010000 		.4byte	0x16b
 708 0152 09       		.uleb128 0x9
 709 0153 7000     		.ascii	"p\000"
 710 0155 01       		.byte	0x1
 711 0156 A0       		.byte	0xa0
 712 0157 6B010000 		.4byte	0x16b
 713 015b 02       		.uleb128 0x2
 714 015c 91       		.byte	0x91
ARM GAS  C:\Users\49148\AppData\Local\Temp\ccEV7uUk.s 			page 17


 715 015d 74       		.sleb128 -12
 716 015e 09       		.uleb128 0x9
 717 015f 7800     		.ascii	"x\000"
 718 0161 01       		.byte	0x1
 719 0162 A0       		.byte	0xa0
 720 0163 B8000000 		.4byte	0xb8
 721 0167 02       		.uleb128 0x2
 722 0168 91       		.byte	0x91
 723 0169 72       		.sleb128 -14
 724 016a 00       		.byte	0
 725 016b 0A       		.uleb128 0xa
 726 016c 04       		.byte	0x4
 727 016d C3000000 		.4byte	0xc3
 728 0171 05       		.uleb128 0x5
 729 0172 24000000 		.4byte	.LASF28
 730 0176 01       		.byte	0x1
 731 0177 AB       		.byte	0xab
 732 0178 AD000000 		.4byte	0xad
 733 017c 00000000 		.4byte	.LFB2
 734 0180 C8000000 		.4byte	.LFE2-.LFB2
 735 0184 01       		.uleb128 0x1
 736 0185 9C       		.byte	0x9c
 737 0186 BB010000 		.4byte	0x1bb
 738 018a 09       		.uleb128 0x9
 739 018b 64696E00 		.ascii	"din\000"
 740 018f 01       		.byte	0x1
 741 0190 AB       		.byte	0xab
 742 0191 AD000000 		.4byte	0xad
 743 0195 02       		.uleb128 0x2
 744 0196 91       		.byte	0x91
 745 0197 6E       		.sleb128 -18
 746 0198 0B       		.uleb128 0xb
 747 0199 7A00     		.ascii	"z\000"
 748 019b 01       		.byte	0x1
 749 019c AF       		.byte	0xaf
 750 019d C3000000 		.4byte	0xc3
 751 01a1 02       		.uleb128 0x2
 752 01a2 91       		.byte	0x91
 753 01a3 74       		.sleb128 -12
 754 01a4 0C       		.uleb128 0xc
 755 01a5 36000000 		.4byte	.LBB2
 756 01a9 5E000000 		.4byte	.LBE2-.LBB2
 757 01ad 0B       		.uleb128 0xb
 758 01ae 6900     		.ascii	"i\000"
 759 01b0 01       		.byte	0x1
 760 01b1 B1       		.byte	0xb1
 761 01b2 A2000000 		.4byte	0xa2
 762 01b6 02       		.uleb128 0x2
 763 01b7 91       		.byte	0x91
 764 01b8 73       		.sleb128 -13
 765 01b9 00       		.byte	0
 766 01ba 00       		.byte	0
 767 01bb 08       		.uleb128 0x8
 768 01bc 0A000000 		.4byte	.LASF30
 769 01c0 01       		.byte	0x1
 770 01c1 C1       		.byte	0xc1
 771 01c2 C3000000 		.4byte	0xc3
ARM GAS  C:\Users\49148\AppData\Local\Temp\ccEV7uUk.s 			page 18


 772 01c6 00000000 		.4byte	.LFB3
 773 01ca 28000000 		.4byte	.LFE3-.LFB3
 774 01ce 01       		.uleb128 0x1
 775 01cf 9C       		.byte	0x9c
 776 01d0 ED010000 		.4byte	0x1ed
 777 01d4 09       		.uleb128 0x9
 778 01d5 7800     		.ascii	"x\000"
 779 01d7 01       		.byte	0x1
 780 01d8 C1       		.byte	0xc1
 781 01d9 AD000000 		.4byte	0xad
 782 01dd 02       		.uleb128 0x2
 783 01de 91       		.byte	0x91
 784 01df 76       		.sleb128 -10
 785 01e0 09       		.uleb128 0x9
 786 01e1 7900     		.ascii	"y\000"
 787 01e3 01       		.byte	0x1
 788 01e4 C1       		.byte	0xc1
 789 01e5 AD000000 		.4byte	0xad
 790 01e9 02       		.uleb128 0x2
 791 01ea 91       		.byte	0x91
 792 01eb 74       		.sleb128 -12
 793 01ec 00       		.byte	0
 794 01ed 0D       		.uleb128 0xd
 795 01ee FD010000 		.4byte	0x1fd
 796 01f2 FD010000 		.4byte	0x1fd
 797 01f6 0E       		.uleb128 0xe
 798 01f7 E0000000 		.4byte	0xe0
 799 01fb 0B       		.byte	0xb
 800 01fc 00       		.byte	0
 801 01fd 0F       		.uleb128 0xf
 802 01fe B8000000 		.4byte	0xb8
 803 0202 07       		.uleb128 0x7
 804 0203 3E000000 		.4byte	.LASF31
 805 0207 01       		.byte	0x1
 806 0208 2B       		.byte	0x2b
 807 0209 13020000 		.4byte	0x213
 808 020d 05       		.uleb128 0x5
 809 020e 03       		.byte	0x3
 810 020f 00000000 		.4byte	FIRCoeffs
 811 0213 0F       		.uleb128 0xf
 812 0214 ED010000 		.4byte	0x1ed
 813 0218 10       		.uleb128 0x10
 814 0219 E1020000 		.4byte	.LASF32
 815 021d 01       		.byte	0x1
 816 021e 3A       		.byte	0x3a
 817 021f AD000000 		.4byte	0xad
 818 0223 05       		.uleb128 0x5
 819 0224 03       		.byte	0x3
 820 0225 00000000 		.4byte	IR_AC_Max
 821 0229 10       		.uleb128 0x10
 822 022a 10000000 		.4byte	.LASF33
 823 022e 01       		.byte	0x1
 824 022f 3B       		.byte	0x3b
 825 0230 AD000000 		.4byte	0xad
 826 0234 05       		.uleb128 0x5
 827 0235 03       		.byte	0x3
 828 0236 00000000 		.4byte	IR_AC_Min
ARM GAS  C:\Users\49148\AppData\Local\Temp\ccEV7uUk.s 			page 19


 829 023a 10       		.uleb128 0x10
 830 023b D3010000 		.4byte	.LASF34
 831 023f 01       		.byte	0x1
 832 0240 3D       		.byte	0x3d
 833 0241 AD000000 		.4byte	0xad
 834 0245 05       		.uleb128 0x5
 835 0246 03       		.byte	0x3
 836 0247 00000000 		.4byte	IR_AC_Signal_Current
 837 024b 10       		.uleb128 0x10
 838 024c EB020000 		.4byte	.LASF35
 839 0250 01       		.byte	0x1
 840 0251 3E       		.byte	0x3e
 841 0252 AD000000 		.4byte	0xad
 842 0256 05       		.uleb128 0x5
 843 0257 03       		.byte	0x3
 844 0258 00000000 		.4byte	IR_AC_Signal_Previous
 845 025c 10       		.uleb128 0x10
 846 025d B3020000 		.4byte	.LASF36
 847 0261 01       		.byte	0x1
 848 0262 3F       		.byte	0x3f
 849 0263 AD000000 		.4byte	0xad
 850 0267 05       		.uleb128 0x5
 851 0268 03       		.byte	0x3
 852 0269 00000000 		.4byte	IR_AC_Signal_min
 853 026d 10       		.uleb128 0x10
 854 026e F2000000 		.4byte	.LASF37
 855 0272 01       		.byte	0x1
 856 0273 40       		.byte	0x40
 857 0274 AD000000 		.4byte	0xad
 858 0278 05       		.uleb128 0x5
 859 0279 03       		.byte	0x3
 860 027a 00000000 		.4byte	IR_AC_Signal_max
 861 027e 10       		.uleb128 0x10
 862 027f 48000000 		.4byte	.LASF38
 863 0283 01       		.byte	0x1
 864 0284 41       		.byte	0x41
 865 0285 AD000000 		.4byte	0xad
 866 0289 05       		.uleb128 0x5
 867 028a 03       		.byte	0x3
 868 028b 00000000 		.4byte	IR_Average_Estimated
 869 028f 10       		.uleb128 0x10
 870 0290 64020000 		.4byte	.LASF39
 871 0294 01       		.byte	0x1
 872 0295 43       		.byte	0x43
 873 0296 AD000000 		.4byte	0xad
 874 029a 05       		.uleb128 0x5
 875 029b 03       		.byte	0x3
 876 029c 00000000 		.4byte	positiveEdge
 877 02a0 10       		.uleb128 0x10
 878 02a1 57020000 		.4byte	.LASF40
 879 02a5 01       		.byte	0x1
 880 02a6 44       		.byte	0x44
 881 02a7 AD000000 		.4byte	0xad
 882 02ab 05       		.uleb128 0x5
 883 02ac 03       		.byte	0x3
 884 02ad 00000000 		.4byte	negativeEdge
 885 02b1 10       		.uleb128 0x10
ARM GAS  C:\Users\49148\AppData\Local\Temp\ccEV7uUk.s 			page 20


 886 02b2 D0020000 		.4byte	.LASF41
 887 02b6 01       		.byte	0x1
 888 02b7 45       		.byte	0x45
 889 02b8 C3000000 		.4byte	0xc3
 890 02bc 05       		.uleb128 0x5
 891 02bd 03       		.byte	0x3
 892 02be 00000000 		.4byte	ir_avg_reg
 893 02c2 0D       		.uleb128 0xd
 894 02c3 AD000000 		.4byte	0xad
 895 02c7 D2020000 		.4byte	0x2d2
 896 02cb 0E       		.uleb128 0xe
 897 02cc E0000000 		.4byte	0xe0
 898 02d0 1F       		.byte	0x1f
 899 02d1 00       		.byte	0
 900 02d2 10       		.uleb128 0x10
 901 02d3 01030000 		.4byte	.LASF42
 902 02d7 01       		.byte	0x1
 903 02d8 47       		.byte	0x47
 904 02d9 C2020000 		.4byte	0x2c2
 905 02dd 05       		.uleb128 0x5
 906 02de 03       		.byte	0x3
 907 02df 00000000 		.4byte	cbuf
 908 02e3 10       		.uleb128 0x10
 909 02e4 71020000 		.4byte	.LASF43
 910 02e8 01       		.byte	0x1
 911 02e9 48       		.byte	0x48
 912 02ea A2000000 		.4byte	0xa2
 913 02ee 05       		.uleb128 0x5
 914 02ef 03       		.byte	0x3
 915 02f0 00000000 		.4byte	offset
 916 02f4 00       		.byte	0
 917              		.section	.debug_abbrev,"",%progbits
 918              	.Ldebug_abbrev0:
 919 0000 01       		.uleb128 0x1
 920 0001 11       		.uleb128 0x11
 921 0002 01       		.byte	0x1
 922 0003 25       		.uleb128 0x25
 923 0004 0E       		.uleb128 0xe
 924 0005 13       		.uleb128 0x13
 925 0006 0B       		.uleb128 0xb
 926 0007 03       		.uleb128 0x3
 927 0008 0E       		.uleb128 0xe
 928 0009 1B       		.uleb128 0x1b
 929 000a 0E       		.uleb128 0xe
 930 000b 55       		.uleb128 0x55
 931 000c 17       		.uleb128 0x17
 932 000d 11       		.uleb128 0x11
 933 000e 01       		.uleb128 0x1
 934 000f 10       		.uleb128 0x10
 935 0010 17       		.uleb128 0x17
 936 0011 00       		.byte	0
 937 0012 00       		.byte	0
 938 0013 02       		.uleb128 0x2
 939 0014 24       		.uleb128 0x24
 940 0015 00       		.byte	0
 941 0016 0B       		.uleb128 0xb
 942 0017 0B       		.uleb128 0xb
ARM GAS  C:\Users\49148\AppData\Local\Temp\ccEV7uUk.s 			page 21


 943 0018 3E       		.uleb128 0x3e
 944 0019 0B       		.uleb128 0xb
 945 001a 03       		.uleb128 0x3
 946 001b 0E       		.uleb128 0xe
 947 001c 00       		.byte	0
 948 001d 00       		.byte	0
 949 001e 03       		.uleb128 0x3
 950 001f 16       		.uleb128 0x16
 951 0020 00       		.byte	0
 952 0021 03       		.uleb128 0x3
 953 0022 0E       		.uleb128 0xe
 954 0023 3A       		.uleb128 0x3a
 955 0024 0B       		.uleb128 0xb
 956 0025 3B       		.uleb128 0x3b
 957 0026 0B       		.uleb128 0xb
 958 0027 49       		.uleb128 0x49
 959 0028 13       		.uleb128 0x13
 960 0029 00       		.byte	0
 961 002a 00       		.byte	0
 962 002b 04       		.uleb128 0x4
 963 002c 24       		.uleb128 0x24
 964 002d 00       		.byte	0
 965 002e 0B       		.uleb128 0xb
 966 002f 0B       		.uleb128 0xb
 967 0030 3E       		.uleb128 0x3e
 968 0031 0B       		.uleb128 0xb
 969 0032 03       		.uleb128 0x3
 970 0033 08       		.uleb128 0x8
 971 0034 00       		.byte	0
 972 0035 00       		.byte	0
 973 0036 05       		.uleb128 0x5
 974 0037 2E       		.uleb128 0x2e
 975 0038 01       		.byte	0x1
 976 0039 3F       		.uleb128 0x3f
 977 003a 19       		.uleb128 0x19
 978 003b 03       		.uleb128 0x3
 979 003c 0E       		.uleb128 0xe
 980 003d 3A       		.uleb128 0x3a
 981 003e 0B       		.uleb128 0xb
 982 003f 3B       		.uleb128 0x3b
 983 0040 0B       		.uleb128 0xb
 984 0041 27       		.uleb128 0x27
 985 0042 19       		.uleb128 0x19
 986 0043 49       		.uleb128 0x49
 987 0044 13       		.uleb128 0x13
 988 0045 11       		.uleb128 0x11
 989 0046 01       		.uleb128 0x1
 990 0047 12       		.uleb128 0x12
 991 0048 06       		.uleb128 0x6
 992 0049 40       		.uleb128 0x40
 993 004a 18       		.uleb128 0x18
 994 004b 9642     		.uleb128 0x2116
 995 004d 19       		.uleb128 0x19
 996 004e 01       		.uleb128 0x1
 997 004f 13       		.uleb128 0x13
 998 0050 00       		.byte	0
 999 0051 00       		.byte	0
ARM GAS  C:\Users\49148\AppData\Local\Temp\ccEV7uUk.s 			page 22


 1000 0052 06       		.uleb128 0x6
 1001 0053 05       		.uleb128 0x5
 1002 0054 00       		.byte	0
 1003 0055 03       		.uleb128 0x3
 1004 0056 0E       		.uleb128 0xe
 1005 0057 3A       		.uleb128 0x3a
 1006 0058 0B       		.uleb128 0xb
 1007 0059 3B       		.uleb128 0x3b
 1008 005a 0B       		.uleb128 0xb
 1009 005b 49       		.uleb128 0x49
 1010 005c 13       		.uleb128 0x13
 1011 005d 02       		.uleb128 0x2
 1012 005e 18       		.uleb128 0x18
 1013 005f 00       		.byte	0
 1014 0060 00       		.byte	0
 1015 0061 07       		.uleb128 0x7
 1016 0062 34       		.uleb128 0x34
 1017 0063 00       		.byte	0
 1018 0064 03       		.uleb128 0x3
 1019 0065 0E       		.uleb128 0xe
 1020 0066 3A       		.uleb128 0x3a
 1021 0067 0B       		.uleb128 0xb
 1022 0068 3B       		.uleb128 0x3b
 1023 0069 0B       		.uleb128 0xb
 1024 006a 49       		.uleb128 0x49
 1025 006b 13       		.uleb128 0x13
 1026 006c 02       		.uleb128 0x2
 1027 006d 18       		.uleb128 0x18
 1028 006e 00       		.byte	0
 1029 006f 00       		.byte	0
 1030 0070 08       		.uleb128 0x8
 1031 0071 2E       		.uleb128 0x2e
 1032 0072 01       		.byte	0x1
 1033 0073 3F       		.uleb128 0x3f
 1034 0074 19       		.uleb128 0x19
 1035 0075 03       		.uleb128 0x3
 1036 0076 0E       		.uleb128 0xe
 1037 0077 3A       		.uleb128 0x3a
 1038 0078 0B       		.uleb128 0xb
 1039 0079 3B       		.uleb128 0x3b
 1040 007a 0B       		.uleb128 0xb
 1041 007b 27       		.uleb128 0x27
 1042 007c 19       		.uleb128 0x19
 1043 007d 49       		.uleb128 0x49
 1044 007e 13       		.uleb128 0x13
 1045 007f 11       		.uleb128 0x11
 1046 0080 01       		.uleb128 0x1
 1047 0081 12       		.uleb128 0x12
 1048 0082 06       		.uleb128 0x6
 1049 0083 40       		.uleb128 0x40
 1050 0084 18       		.uleb128 0x18
 1051 0085 9742     		.uleb128 0x2117
 1052 0087 19       		.uleb128 0x19
 1053 0088 01       		.uleb128 0x1
 1054 0089 13       		.uleb128 0x13
 1055 008a 00       		.byte	0
 1056 008b 00       		.byte	0
ARM GAS  C:\Users\49148\AppData\Local\Temp\ccEV7uUk.s 			page 23


 1057 008c 09       		.uleb128 0x9
 1058 008d 05       		.uleb128 0x5
 1059 008e 00       		.byte	0
 1060 008f 03       		.uleb128 0x3
 1061 0090 08       		.uleb128 0x8
 1062 0091 3A       		.uleb128 0x3a
 1063 0092 0B       		.uleb128 0xb
 1064 0093 3B       		.uleb128 0x3b
 1065 0094 0B       		.uleb128 0xb
 1066 0095 49       		.uleb128 0x49
 1067 0096 13       		.uleb128 0x13
 1068 0097 02       		.uleb128 0x2
 1069 0098 18       		.uleb128 0x18
 1070 0099 00       		.byte	0
 1071 009a 00       		.byte	0
 1072 009b 0A       		.uleb128 0xa
 1073 009c 0F       		.uleb128 0xf
 1074 009d 00       		.byte	0
 1075 009e 0B       		.uleb128 0xb
 1076 009f 0B       		.uleb128 0xb
 1077 00a0 49       		.uleb128 0x49
 1078 00a1 13       		.uleb128 0x13
 1079 00a2 00       		.byte	0
 1080 00a3 00       		.byte	0
 1081 00a4 0B       		.uleb128 0xb
 1082 00a5 34       		.uleb128 0x34
 1083 00a6 00       		.byte	0
 1084 00a7 03       		.uleb128 0x3
 1085 00a8 08       		.uleb128 0x8
 1086 00a9 3A       		.uleb128 0x3a
 1087 00aa 0B       		.uleb128 0xb
 1088 00ab 3B       		.uleb128 0x3b
 1089 00ac 0B       		.uleb128 0xb
 1090 00ad 49       		.uleb128 0x49
 1091 00ae 13       		.uleb128 0x13
 1092 00af 02       		.uleb128 0x2
 1093 00b0 18       		.uleb128 0x18
 1094 00b1 00       		.byte	0
 1095 00b2 00       		.byte	0
 1096 00b3 0C       		.uleb128 0xc
 1097 00b4 0B       		.uleb128 0xb
 1098 00b5 01       		.byte	0x1
 1099 00b6 11       		.uleb128 0x11
 1100 00b7 01       		.uleb128 0x1
 1101 00b8 12       		.uleb128 0x12
 1102 00b9 06       		.uleb128 0x6
 1103 00ba 00       		.byte	0
 1104 00bb 00       		.byte	0
 1105 00bc 0D       		.uleb128 0xd
 1106 00bd 01       		.uleb128 0x1
 1107 00be 01       		.byte	0x1
 1108 00bf 49       		.uleb128 0x49
 1109 00c0 13       		.uleb128 0x13
 1110 00c1 01       		.uleb128 0x1
 1111 00c2 13       		.uleb128 0x13
 1112 00c3 00       		.byte	0
 1113 00c4 00       		.byte	0
ARM GAS  C:\Users\49148\AppData\Local\Temp\ccEV7uUk.s 			page 24


 1114 00c5 0E       		.uleb128 0xe
 1115 00c6 21       		.uleb128 0x21
 1116 00c7 00       		.byte	0
 1117 00c8 49       		.uleb128 0x49
 1118 00c9 13       		.uleb128 0x13
 1119 00ca 2F       		.uleb128 0x2f
 1120 00cb 0B       		.uleb128 0xb
 1121 00cc 00       		.byte	0
 1122 00cd 00       		.byte	0
 1123 00ce 0F       		.uleb128 0xf
 1124 00cf 26       		.uleb128 0x26
 1125 00d0 00       		.byte	0
 1126 00d1 49       		.uleb128 0x49
 1127 00d2 13       		.uleb128 0x13
 1128 00d3 00       		.byte	0
 1129 00d4 00       		.byte	0
 1130 00d5 10       		.uleb128 0x10
 1131 00d6 34       		.uleb128 0x34
 1132 00d7 00       		.byte	0
 1133 00d8 03       		.uleb128 0x3
 1134 00d9 0E       		.uleb128 0xe
 1135 00da 3A       		.uleb128 0x3a
 1136 00db 0B       		.uleb128 0xb
 1137 00dc 3B       		.uleb128 0x3b
 1138 00dd 0B       		.uleb128 0xb
 1139 00de 49       		.uleb128 0x49
 1140 00df 13       		.uleb128 0x13
 1141 00e0 3F       		.uleb128 0x3f
 1142 00e1 19       		.uleb128 0x19
 1143 00e2 02       		.uleb128 0x2
 1144 00e3 18       		.uleb128 0x18
 1145 00e4 00       		.byte	0
 1146 00e5 00       		.byte	0
 1147 00e6 00       		.byte	0
 1148              		.section	.debug_aranges,"",%progbits
 1149 0000 34000000 		.4byte	0x34
 1150 0004 0200     		.2byte	0x2
 1151 0006 00000000 		.4byte	.Ldebug_info0
 1152 000a 04       		.byte	0x4
 1153 000b 00       		.byte	0
 1154 000c 0000     		.2byte	0
 1155 000e 0000     		.2byte	0
 1156 0010 00000000 		.4byte	.LFB0
 1157 0014 94010000 		.4byte	.LFE0-.LFB0
 1158 0018 00000000 		.4byte	.LFB1
 1159 001c 36000000 		.4byte	.LFE1-.LFB1
 1160 0020 00000000 		.4byte	.LFB2
 1161 0024 C8000000 		.4byte	.LFE2-.LFB2
 1162 0028 00000000 		.4byte	.LFB3
 1163 002c 28000000 		.4byte	.LFE3-.LFB3
 1164 0030 00000000 		.4byte	0
 1165 0034 00000000 		.4byte	0
 1166              		.section	.debug_ranges,"",%progbits
 1167              	.Ldebug_ranges0:
 1168 0000 00000000 		.4byte	.LFB0
 1169 0004 94010000 		.4byte	.LFE0
 1170 0008 00000000 		.4byte	.LFB1
ARM GAS  C:\Users\49148\AppData\Local\Temp\ccEV7uUk.s 			page 25


 1171 000c 36000000 		.4byte	.LFE1
 1172 0010 00000000 		.4byte	.LFB2
 1173 0014 C8000000 		.4byte	.LFE2
 1174 0018 00000000 		.4byte	.LFB3
 1175 001c 28000000 		.4byte	.LFE3
 1176 0020 00000000 		.4byte	0
 1177 0024 00000000 		.4byte	0
 1178              		.section	.debug_line,"",%progbits
 1179              	.Ldebug_line0:
 1180 0000 7F010000 		.section	.debug_str,"MS",%progbits,1
 1180      0200FF00 
 1180      00000201 
 1180      FB0E0D00 
 1180      01010101 
 1181              	.LASF2:
 1182 0000 5F5F7569 		.ascii	"__uint8_t\000"
 1182      6E74385F 
 1182      7400
 1183              	.LASF30:
 1184 000a 6D756C31 		.ascii	"mul16\000"
 1184      3600
 1185              	.LASF33:
 1186 0010 49525F41 		.ascii	"IR_AC_Min\000"
 1186      435F4D69 
 1186      6E00
 1187              	.LASF7:
 1188 001a 5F5F696E 		.ascii	"__int32_t\000"
 1188      7433325F 
 1188      7400
 1189              	.LASF28:
 1190 0024 6C6F7750 		.ascii	"lowPassFIRFilter\000"
 1190      61737346 
 1190      49524669 
 1190      6C746572 
 1190      00
 1191              	.LASF8:
 1192 0035 6C6F6E67 		.ascii	"long int\000"
 1192      20696E74 
 1192      00
 1193              	.LASF31:
 1194 003e 46495243 		.ascii	"FIRCoeffs\000"
 1194      6F656666 
 1194      7300
 1195              	.LASF38:
 1196 0048 49525F41 		.ascii	"IR_Average_Estimated\000"
 1196      76657261 
 1196      67655F45 
 1196      7374696D 
 1196      61746564 
 1197              	.LASF23:
 1198 005d 666C6F61 		.ascii	"float\000"
 1198      7400
 1199              	.LASF25:
 1200 0063 63686563 		.ascii	"checkForBeat\000"
 1200      6B466F72 
 1200      42656174 
 1200      00
ARM GAS  C:\Users\49148\AppData\Local\Temp\ccEV7uUk.s 			page 26


 1201              	.LASF1:
 1202 0070 756E7369 		.ascii	"unsigned char\000"
 1202      676E6564 
 1202      20636861 
 1202      7200
 1203              	.LASF26:
 1204 007e 61766572 		.ascii	"averageDCEstimator\000"
 1204      61676544 
 1204      43457374 
 1204      696D6174 
 1204      6F7200
 1205              	.LASF46:
 1206 0091 443A5C50 		.ascii	"D:\\PSOC_Jingyi\\HeartRateProject\\PSOC_Project\\PS"
 1206      534F435F 
 1206      4A696E67 
 1206      79695C48 
 1206      65617274 
 1207 00c0 4F435F50 		.ascii	"OC_PPG.cydsn\000"
 1207      50472E63 
 1207      7964736E 
 1207      00
 1208              	.LASF10:
 1209 00cd 6C6F6E67 		.ascii	"long unsigned int\000"
 1209      20756E73 
 1209      69676E65 
 1209      6420696E 
 1209      7400
 1210              	.LASF6:
 1211 00df 73686F72 		.ascii	"short unsigned int\000"
 1211      7420756E 
 1211      7369676E 
 1211      65642069 
 1211      6E7400
 1212              	.LASF37:
 1213 00f2 49525F41 		.ascii	"IR_AC_Signal_max\000"
 1213      435F5369 
 1213      676E616C 
 1213      5F6D6178 
 1213      00
 1214              	.LASF44:
 1215 0103 474E5520 		.ascii	"GNU C11 5.4.1 20160609 (release) [ARM/embedded-5-br"
 1215      43313120 
 1215      352E342E 
 1215      31203230 
 1215      31363036 
 1216 0136 616E6368 		.ascii	"anch revision 237715] -mcpu=cortex-m4 -mfloat-abi=s"
 1216      20726576 
 1216      6973696F 
 1216      6E203233 
 1216      37373135 
 1217 0169 6F667466 		.ascii	"oftfp -mfpu=fpv4-sp-d16 -mthumb -g -O0 -ffunction-s"
 1217      70202D6D 
 1217      6670753D 
 1217      66707634 
 1217      2D73702D 
 1218 019c 65637469 		.ascii	"ections -ffat-lto-objects\000"
 1218      6F6E7320 
ARM GAS  C:\Users\49148\AppData\Local\Temp\ccEV7uUk.s 			page 27


 1218      2D666661 
 1218      742D6C74 
 1218      6F2D6F62 
 1219              	.LASF5:
 1220 01b6 5F5F7569 		.ascii	"__uint16_t\000"
 1220      6E743136 
 1220      5F7400
 1221              	.LASF22:
 1222 01c1 646F7562 		.ascii	"double\000"
 1222      6C6500
 1223              	.LASF9:
 1224 01c8 5F5F7569 		.ascii	"__uint32_t\000"
 1224      6E743332 
 1224      5F7400
 1225              	.LASF34:
 1226 01d3 49525F41 		.ascii	"IR_AC_Signal_Current\000"
 1226      435F5369 
 1226      676E616C 
 1226      5F437572 
 1226      72656E74 
 1227              	.LASF3:
 1228 01e8 5F5F696E 		.ascii	"__int16_t\000"
 1228      7431365F 
 1228      7400
 1229              	.LASF29:
 1230 01f2 62656174 		.ascii	"beatDetected\000"
 1230      44657465 
 1230      63746564 
 1230      00
 1231              	.LASF13:
 1232 01ff 756E7369 		.ascii	"unsigned int\000"
 1232      676E6564 
 1232      20696E74 
 1232      00
 1233              	.LASF12:
 1234 020c 6C6F6E67 		.ascii	"long long unsigned int\000"
 1234      206C6F6E 
 1234      6720756E 
 1234      7369676E 
 1234      65642069 
 1235              	.LASF14:
 1236 0223 75696E74 		.ascii	"uint8_t\000"
 1236      385F7400 
 1237              	.LASF15:
 1238 022b 696E7431 		.ascii	"int16_t\000"
 1238      365F7400 
 1239              	.LASF17:
 1240 0233 696E7433 		.ascii	"int32_t\000"
 1240      325F7400 
 1241              	.LASF20:
 1242 023b 73697A65 		.ascii	"sizetype\000"
 1242      74797065 
 1242      00
 1243              	.LASF11:
 1244 0244 6C6F6E67 		.ascii	"long long int\000"
 1244      206C6F6E 
 1244      6720696E 
ARM GAS  C:\Users\49148\AppData\Local\Temp\ccEV7uUk.s 			page 28


 1244      7400
 1245              	.LASF21:
 1246 0252 63686172 		.ascii	"char\000"
 1246      00
 1247              	.LASF40:
 1248 0257 6E656761 		.ascii	"negativeEdge\000"
 1248      74697665 
 1248      45646765 
 1248      00
 1249              	.LASF39:
 1250 0264 706F7369 		.ascii	"positiveEdge\000"
 1250      74697665 
 1250      45646765 
 1250      00
 1251              	.LASF43:
 1252 0271 6F666673 		.ascii	"offset\000"
 1252      657400
 1253              	.LASF45:
 1254 0278 68656172 		.ascii	"heartRate.c\000"
 1254      74526174 
 1254      652E6300 
 1255              	.LASF4:
 1256 0284 73686F72 		.ascii	"short int\000"
 1256      7420696E 
 1256      7400
 1257              	.LASF16:
 1258 028e 75696E74 		.ascii	"uint16_t\000"
 1258      31365F74 
 1258      00
 1259              	.LASF18:
 1260 0297 75696E74 		.ascii	"uint32_t\000"
 1260      33325F74 
 1260      00
 1261              	.LASF27:
 1262 02a0 73616D70 		.ascii	"sample\000"
 1262      6C6500
 1263              	.LASF19:
 1264 02a7 6C6F6E67 		.ascii	"long double\000"
 1264      20646F75 
 1264      626C6500 
 1265              	.LASF36:
 1266 02b3 49525F41 		.ascii	"IR_AC_Signal_min\000"
 1266      435F5369 
 1266      676E616C 
 1266      5F6D696E 
 1266      00
 1267              	.LASF0:
 1268 02c4 7369676E 		.ascii	"signed char\000"
 1268      65642063 
 1268      68617200 
 1269              	.LASF41:
 1270 02d0 69725F61 		.ascii	"ir_avg_reg\000"
 1270      76675F72 
 1270      656700
 1271              	.LASF24:
 1272 02db 5F426F6F 		.ascii	"_Bool\000"
 1272      6C00
ARM GAS  C:\Users\49148\AppData\Local\Temp\ccEV7uUk.s 			page 29


 1273              	.LASF32:
 1274 02e1 49525F41 		.ascii	"IR_AC_Max\000"
 1274      435F4D61 
 1274      7800
 1275              	.LASF35:
 1276 02eb 49525F41 		.ascii	"IR_AC_Signal_Previous\000"
 1276      435F5369 
 1276      676E616C 
 1276      5F507265 
 1276      76696F75 
 1277              	.LASF42:
 1278 0301 63627566 		.ascii	"cbuf\000"
 1278      00
 1279              		.ident	"GCC: (GNU Tools for ARM Embedded Processors) 5.4.1 20160609 (release) [ARM/embedded-5-bran
